2013-10-29 15:20:54.190+0000 DEBUG [API] You are using an unsupported Java runtime. Please use Oracle(R) Java(TM) Runtime Environment 7.
2013-10-29 15:20:54.553+0000 INFO  [API] Setting startup timeout to: 120000ms based on -1
09:20:54.723 [main] WARN  o.neo4j.kernel.EmbeddedGraphDatabase - You are using an unsupported Java runtime. Please use Oracle(R) Java(TM) Runtime Environment 7.
2013-10-29 15:20:59.225+0000 INFO  [API] Successfully started database
2013-10-29 15:20:59.853+0000 INFO  [API] Starting HTTP on port :7474 with 80 threads available
2013-10-29 15:21:00.020+0000 INFO  [API] Enabling HTTPS on port :7473
2013-10-29 15:21:00.020+0000 INFO  [API] No SSL certificate found, generating a self-signed certificate..
2013-10-29 15:21:00.392+0000 INFO  [API] Mounted discovery module at [/]
2013-10-29 15:21:00.398+0000 INFO  [API] Mounted REST API at [/db/data/]
2013-10-29 15:21:00.401+0000 INFO  [API] Mounted management API at [/db/manage/]
2013-10-29 15:21:00.435+0000 INFO  [API] Mounted webadmin at [/webadmin]
2013-10-29 15:21:00.437+0000 INFO  [API] Mounted Neo4j Browser at [/browser]
2013-10-29 15:21:00.493+0000 INFO  [API] Mounting static content at [/webadmin] from [webadmin-html]
2013-10-29 15:21:00.535+0000 INFO  [API] Mounting static content at [/browser] from [browser]
09:21:00.535 [main] WARN  o.e.j.server.handler.ContextHandler - o.e.j.s.ServletContextHandler@3b81f4dd{/,null,null} contextPath ends with /
09:21:00.535 [main] WARN  o.e.j.server.handler.ContextHandler - Empty contextPath
09:21:00.537 [main] INFO  org.eclipse.jetty.server.Server - jetty-9.0.5.v20130815
09:21:00.571 [main] INFO  o.e.j.server.handler.ContextHandler - Started o.e.j.s.h.MovedContextHandler@2a83ad63{/,null,AVAILABLE}
09:21:00.649 [main] INFO  o.e.j.w.StandardDescriptorProcessor - NO JSP Support for /webadmin, did not find org.apache.jasper.servlet.JspServlet
09:21:00.677 [main] INFO  o.e.j.server.handler.ContextHandler - Started o.e.j.w.WebAppContext@7b34c936{/webadmin,jar:file:/home/agarcia/neo4j-community-2.0.0-M06/system/lib/neo4j-server-2.0.0-M06-static-web.jar!/webadmin-html,AVAILABLE}
09:21:01.079 [main] INFO  o.e.j.server.handler.ContextHandler - Started o.e.j.s.ServletContextHandler@486e11c1{/db/manage,null,AVAILABLE}
09:21:01.300 [main] INFO  o.e.j.server.handler.ContextHandler - Started o.e.j.s.ServletContextHandler@7944fdaf{/db/data,null,AVAILABLE}
09:21:01.316 [main] INFO  o.e.j.w.StandardDescriptorProcessor - NO JSP Support for /browser, did not find org.apache.jasper.servlet.JspServlet
09:21:01.317 [main] INFO  o.e.j.server.handler.ContextHandler - Started o.e.j.w.WebAppContext@2e94ccb9{/browser,jar:file:/home/agarcia/neo4j-community-2.0.0-M06/system/lib/neo4j-browser-0.1.20.jar!/browser,AVAILABLE}
09:21:01.394 [main] INFO  o.e.j.server.handler.ContextHandler - Started o.e.j.s.ServletContextHandler@3b81f4dd{/,null,AVAILABLE}
09:21:01.419 [main] INFO  o.e.jetty.server.ServerConnector - Started ServerConnector@4eb21add{HTTP/1.1}{localhost:7474}
09:21:01.620 [main] INFO  o.e.jetty.server.ServerConnector - Started ServerConnector@38ad5581{SSL-HTTP/1.1}{localhost:7473}
2013-10-29 15:21:01.621+0000 INFO  [API] Remote interface ready and available at [http://localhost:7474/]
2013-11-26 05:26:51.170+0000 DEBUG [API] You are using an unsupported Java runtime. Please use Oracle(R) Java(TM) Runtime Environment 7.
2013-11-26 05:26:51.978+0000 INFO  [API] Setting startup timeout to: 120000ms based on -1
Detected incorrectly shut down database, performing recovery..
23:26:52.466 [main] WARN  o.neo4j.kernel.EmbeddedGraphDatabase - You are using an unsupported Java runtime. Please use Oracle(R) Java(TM) Runtime Environment 7.
2013-11-26 05:27:02.157+0000 INFO  [API] Successfully started database
2013-11-26 05:27:03.827+0000 INFO  [API] Starting HTTP on port :7474 with 80 threads available
2013-11-26 05:27:04.171+0000 INFO  [API] Enabling HTTPS on port :7473
2013-11-26 05:27:04.434+0000 INFO  [API] Mounted discovery module at [/]
2013-11-26 05:27:04.440+0000 INFO  [API] Mounted REST API at [/db/data/]
2013-11-26 05:27:04.450+0000 INFO  [API] Mounted management API at [/db/manage/]
2013-11-26 05:27:04.584+0000 INFO  [API] Mounted webadmin at [/webadmin]
2013-11-26 05:27:04.585+0000 INFO  [API] Mounted Neo4j Browser at [/browser]
2013-11-26 05:27:04.858+0000 INFO  [API] Mounting static content at [/webadmin] from [webadmin-html]
2013-11-26 05:27:04.956+0000 INFO  [API] Mounting static content at [/browser] from [browser]
23:27:04.957 [main] WARN  o.e.j.server.handler.ContextHandler - o.e.j.s.ServletContextHandler@42941c1f{/,null,null} contextPath ends with /
23:27:04.957 [main] WARN  o.e.j.server.handler.ContextHandler - Empty contextPath
23:27:04.959 [main] INFO  org.eclipse.jetty.server.Server - jetty-9.0.5.v20130815
23:27:05.007 [main] INFO  o.e.j.server.handler.ContextHandler - Started o.e.j.s.h.MovedContextHandler@701fec75{/,null,AVAILABLE}
23:27:05.083 [main] INFO  o.e.j.w.StandardDescriptorProcessor - NO JSP Support for /webadmin, did not find org.apache.jasper.servlet.JspServlet
23:27:05.092 [main] INFO  o.e.j.server.handler.ContextHandler - Started o.e.j.w.WebAppContext@605d53ae{/webadmin,jar:file:/home/agarcia/neo4j-community-2.0.0-M06/system/lib/neo4j-server-2.0.0-M06-static-web.jar!/webadmin-html,AVAILABLE}
23:27:05.562 [main] INFO  o.e.j.server.handler.ContextHandler - Started o.e.j.s.ServletContextHandler@2e6047bc{/db/manage,null,AVAILABLE}
23:27:05.801 [main] INFO  o.e.j.server.handler.ContextHandler - Started o.e.j.s.ServletContextHandler@c1eb9ee{/db/data,null,AVAILABLE}
23:27:05.816 [main] INFO  o.e.j.w.StandardDescriptorProcessor - NO JSP Support for /browser, did not find org.apache.jasper.servlet.JspServlet
23:27:05.817 [main] INFO  o.e.j.server.handler.ContextHandler - Started o.e.j.w.WebAppContext@738694c5{/browser,jar:file:/home/agarcia/neo4j-community-2.0.0-M06/system/lib/neo4j-browser-0.1.20.jar!/browser,AVAILABLE}
23:27:05.895 [main] INFO  o.e.j.server.handler.ContextHandler - Started o.e.j.s.ServletContextHandler@42941c1f{/,null,AVAILABLE}
23:27:05.931 [main] INFO  o.e.jetty.server.ServerConnector - Started ServerConnector@6a75c5d3{HTTP/1.1}{localhost:7474}
23:27:06.070 [main] INFO  o.e.jetty.server.ServerConnector - Started ServerConnector@2c3f29db{SSL-HTTP/1.1}{localhost:7473}
2013-11-26 05:27:06.071+0000 INFO  [API] Remote interface ready and available at [http://localhost:7474/]
2013-11-28 02:34:25.269+0000 DEBUG [API] You are using an unsupported Java runtime. Please use Oracle(R) Java(TM) Runtime Environment 7.
2013-11-28 02:34:26.001+0000 INFO  [API] Setting startup timeout to: 120000ms based on -1
Detected incorrectly shut down database, performing recovery..
20:34:26.468 [main] WARN  o.neo4j.kernel.EmbeddedGraphDatabase - You are using an unsupported Java runtime. Please use Oracle(R) Java(TM) Runtime Environment 7.
2013-11-28 02:34:34.521+0000 INFO  [API] Successfully started database
2013-11-28 02:34:36.500+0000 INFO  [API] Starting HTTP on port :7474 with 80 threads available
2013-11-28 02:34:36.991+0000 INFO  [API] Enabling HTTPS on port :7473
2013-11-28 02:34:37.408+0000 INFO  [API] Mounted discovery module at [/]
2013-11-28 02:34:37.414+0000 INFO  [API] Mounted REST API at [/db/data/]
2013-11-28 02:34:37.428+0000 INFO  [API] Mounted management API at [/db/manage/]
2013-11-28 02:34:37.561+0000 INFO  [API] Mounted webadmin at [/webadmin]
2013-11-28 02:34:37.563+0000 INFO  [API] Mounted Neo4j Browser at [/browser]
2013-11-28 02:34:37.773+0000 INFO  [API] Mounting static content at [/webadmin] from [webadmin-html]
2013-11-28 02:34:37.870+0000 INFO  [API] Mounting static content at [/browser] from [browser]
20:34:37.871 [main] WARN  o.e.j.server.handler.ContextHandler - o.e.j.s.ServletContextHandler@21795a46{/,null,null} contextPath ends with /
20:34:37.871 [main] WARN  o.e.j.server.handler.ContextHandler - Empty contextPath
20:34:37.873 [main] INFO  org.eclipse.jetty.server.Server - jetty-9.0.5.v20130815
20:34:37.915 [main] INFO  o.e.j.server.handler.ContextHandler - Started o.e.j.s.h.MovedContextHandler@3a0cde78{/,null,AVAILABLE}
20:34:37.995 [main] INFO  o.e.j.w.StandardDescriptorProcessor - NO JSP Support for /webadmin, did not find org.apache.jasper.servlet.JspServlet
20:34:38.005 [main] INFO  o.e.j.server.handler.ContextHandler - Started o.e.j.w.WebAppContext@5aba76db{/webadmin,jar:file:/home/agarcia/neo4j-community-2.0.0-M06/system/lib/neo4j-server-2.0.0-M06-static-web.jar!/webadmin-html,AVAILABLE}
20:34:38.644 [main] INFO  o.e.j.server.handler.ContextHandler - Started o.e.j.s.ServletContextHandler@7a15ddf6{/db/manage,null,AVAILABLE}
20:34:38.871 [main] INFO  o.e.j.server.handler.ContextHandler - Started o.e.j.s.ServletContextHandler@214f951e{/db/data,null,AVAILABLE}
20:34:38.891 [main] INFO  o.e.j.w.StandardDescriptorProcessor - NO JSP Support for /browser, did not find org.apache.jasper.servlet.JspServlet
20:34:38.892 [main] INFO  o.e.j.server.handler.ContextHandler - Started o.e.j.w.WebAppContext@627f62ac{/browser,jar:file:/home/agarcia/neo4j-community-2.0.0-M06/system/lib/neo4j-browser-0.1.20.jar!/browser,AVAILABLE}
20:34:38.977 [main] INFO  o.e.j.server.handler.ContextHandler - Started o.e.j.s.ServletContextHandler@21795a46{/,null,AVAILABLE}
20:34:39.019 [main] INFO  o.e.jetty.server.ServerConnector - Started ServerConnector@64b9c7d6{HTTP/1.1}{localhost:7474}
20:34:39.163 [main] INFO  o.e.jetty.server.ServerConnector - Started ServerConnector@1eaa58ff{SSL-HTTP/1.1}{localhost:7473}
2013-11-28 02:34:39.167+0000 INFO  [API] Remote interface ready and available at [http://localhost:7474/]
2013-12-07 22:46:43.293+0000 DEBUG [API] You are using an unsupported Java runtime. Please use Oracle(R) Java(TM) Runtime Environment 7.
2013-12-07 22:46:43.443+0000 INFO  [API] Setting startup timeout to: 120000ms based on -1
Detected incorrectly shut down database, performing recovery..
16:46:43.544 [main] WARN  o.neo4j.kernel.EmbeddedGraphDatabase - You are using an unsupported Java runtime. Please use Oracle(R) Java(TM) Runtime Environment 7.
2013-12-07 22:47:44.045+0000 INFO  [API] Successfully started database
2013-12-07 22:47:44.660+0000 INFO  [API] Starting HTTP on port :7474 with 80 threads available
2013-12-07 22:47:44.800+0000 INFO  [API] Enabling HTTPS on port :7473
2013-12-07 22:47:44.917+0000 INFO  [API] Mounted discovery module at [/]
2013-12-07 22:47:44.926+0000 INFO  [API] Mounted REST API at [/db/data/]
2013-12-07 22:47:44.929+0000 INFO  [API] Mounted management API at [/db/manage/]
2013-12-07 22:47:45.049+0000 INFO  [API] Mounted webadmin at [/webadmin]
2013-12-07 22:47:45.050+0000 INFO  [API] Mounted Neo4j Browser at [/browser]
2013-12-07 22:47:45.108+0000 INFO  [API] Mounting static content at [/webadmin] from [webadmin-html]
2013-12-07 22:47:45.152+0000 INFO  [API] Mounting static content at [/browser] from [browser]
16:47:45.153 [main] WARN  o.e.j.server.handler.ContextHandler - o.e.j.s.ServletContextHandler@193eb27b{/,null,null} contextPath ends with /
16:47:45.153 [main] WARN  o.e.j.server.handler.ContextHandler - Empty contextPath
16:47:45.155 [main] INFO  org.eclipse.jetty.server.Server - jetty-9.0.5.v20130815
16:47:45.199 [main] INFO  o.e.j.server.handler.ContextHandler - Started o.e.j.s.h.MovedContextHandler@39c80893{/,null,AVAILABLE}
16:47:45.251 [main] WARN  o.e.jetty.webapp.WebInfConfiguration - Can't reuse /tmp/jetty-localhost-7474-webadmin-html-_webadmin-any-, using /tmp/jetty-localhost-7474-webadmin-html-_webadmin-any-_7751931109609546762
16:47:45.366 [main] INFO  o.e.j.w.StandardDescriptorProcessor - NO JSP Support for /webadmin, did not find org.apache.jasper.servlet.JspServlet
16:47:45.380 [main] INFO  o.e.j.server.handler.ContextHandler - Started o.e.j.w.WebAppContext@53f77c43{/webadmin,jar:file:/home/agarcia/github/funciones.de/neo4j/system/lib/neo4j-server-2.0.0-M06-static-web.jar!/webadmin-html,AVAILABLE}
16:47:45.825 [main] INFO  o.e.j.server.handler.ContextHandler - Started o.e.j.s.ServletContextHandler@4d2edc03{/db/manage,null,AVAILABLE}
16:47:46.067 [main] INFO  o.e.j.server.handler.ContextHandler - Started o.e.j.s.ServletContextHandler@682431fb{/db/data,null,AVAILABLE}
16:47:46.068 [main] WARN  o.e.jetty.webapp.WebInfConfiguration - Can't reuse /tmp/jetty-localhost-7474-browser-_browser-any-, using /tmp/jetty-localhost-7474-browser-_browser-any-_7695663543596727021
16:47:46.083 [main] INFO  o.e.j.w.StandardDescriptorProcessor - NO JSP Support for /browser, did not find org.apache.jasper.servlet.JspServlet
16:47:46.084 [main] INFO  o.e.j.server.handler.ContextHandler - Started o.e.j.w.WebAppContext@658648b9{/browser,jar:file:/home/agarcia/github/funciones.de/neo4j/system/lib/neo4j-browser-0.1.20.jar!/browser,AVAILABLE}
16:47:46.160 [main] INFO  o.e.j.server.handler.ContextHandler - Started o.e.j.s.ServletContextHandler@193eb27b{/,null,AVAILABLE}
16:47:46.178 [main] INFO  o.e.jetty.server.ServerConnector - Started ServerConnector@34ad16fd{HTTP/1.1}{localhost:7474}
16:47:46.255 [main] INFO  o.e.jetty.server.ServerConnector - Started ServerConnector@2c922746{SSL-HTTP/1.1}{localhost:7473}
2013-12-07 22:47:46.256+0000 INFO  [API] Remote interface ready and available at [http://localhost:7474/]
2013-12-07 22:48:27.043+0000 INFO  [API] Neo4j Server shutdown initiated by request
16:48:27.073 [Thread-2472] INFO  o.e.jetty.server.ServerConnector - Stopped ServerConnector@34ad16fd{HTTP/1.1}{localhost:7474}
16:48:27.078 [Thread-2472] INFO  o.e.jetty.server.ServerConnector - Stopped ServerConnector@2c922746{SSL-HTTP/1.1}{localhost:7473}
16:48:27.082 [Thread-2472] INFO  o.e.j.server.handler.ContextHandler - Stopped o.e.j.s.ServletContextHandler@193eb27b{/,null,UNAVAILABLE}
16:48:27.086 [Thread-2472] INFO  o.e.j.server.handler.ContextHandler - Stopped o.e.j.w.WebAppContext@658648b9{/browser,jar:file:/home/agarcia/github/funciones.de/neo4j/system/lib/neo4j-browser-0.1.20.jar!/browser,UNAVAILABLE}
16:48:27.086 [Thread-2472] INFO  o.e.j.server.handler.ContextHandler - Stopped o.e.j.s.ServletContextHandler@682431fb{/db/data,null,UNAVAILABLE}
16:48:27.086 [Thread-2472] INFO  o.e.j.server.handler.ContextHandler - Stopped o.e.j.s.ServletContextHandler@4d2edc03{/db/manage,null,UNAVAILABLE}
16:48:27.087 [Thread-2472] INFO  o.e.j.server.handler.ContextHandler - Stopped o.e.j.w.WebAppContext@53f77c43{/webadmin,jar:file:/home/agarcia/github/funciones.de/neo4j/system/lib/neo4j-server-2.0.0-M06-static-web.jar!/webadmin-html,UNAVAILABLE}
16:48:27.088 [Thread-2472] INFO  o.e.j.server.handler.ContextHandler - Stopped o.e.j.s.h.MovedContextHandler@39c80893{/,null,UNAVAILABLE}
2013-12-07 22:48:34.657+0000 DEBUG [API] You are using an unsupported Java runtime. Please use Oracle(R) Java(TM) Runtime Environment 7.
2013-12-07 22:48:34.817+0000 INFO  [API] Setting startup timeout to: 120000ms based on -1
16:48:34.922 [main] WARN  o.neo4j.kernel.EmbeddedGraphDatabase - You are using an unsupported Java runtime. Please use Oracle(R) Java(TM) Runtime Environment 7.
2013-12-07 22:48:35.818+0000 INFO  [API] Successfully started database
2013-12-07 22:48:36.380+0000 INFO  [API] Starting HTTP on port :7474 with 80 threads available
2013-12-07 22:48:36.514+0000 INFO  [API] Enabling HTTPS on port :7473
2013-12-07 22:48:36.659+0000 INFO  [API] Mounted discovery module at [/]
2013-12-07 22:48:36.665+0000 INFO  [API] Mounted REST API at [/db/data/]
2013-12-07 22:48:36.667+0000 INFO  [API] Mounted management API at [/db/manage/]
2013-12-07 22:48:36.799+0000 INFO  [API] Mounted webadmin at [/webadmin]
2013-12-07 22:48:36.802+0000 INFO  [API] Mounted Neo4j Browser at [/browser]
2013-12-07 22:48:36.851+0000 INFO  [API] Mounting static content at [/webadmin] from [webadmin-html]
2013-12-07 22:48:36.901+0000 INFO  [API] Mounting static content at [/browser] from [browser]
16:48:36.902 [main] WARN  o.e.j.server.handler.ContextHandler - o.e.j.s.ServletContextHandler@34320932{/,null,null} contextPath ends with /
16:48:36.902 [main] WARN  o.e.j.server.handler.ContextHandler - Empty contextPath
16:48:36.904 [main] INFO  org.eclipse.jetty.server.Server - jetty-9.0.5.v20130815
16:48:36.926 [main] INFO  o.e.j.server.handler.ContextHandler - Started o.e.j.s.h.MovedContextHandler@2557154e{/,null,AVAILABLE}
16:48:36.946 [main] WARN  o.e.jetty.webapp.WebInfConfiguration - Can't reuse /tmp/jetty-localhost-7474-webadmin-html-_webadmin-any-, using /tmp/jetty-localhost-7474-webadmin-html-_webadmin-any-_4420103064350547797
16:48:37.027 [main] INFO  o.e.j.w.StandardDescriptorProcessor - NO JSP Support for /webadmin, did not find org.apache.jasper.servlet.JspServlet
16:48:37.037 [main] INFO  o.e.j.server.handler.ContextHandler - Started o.e.j.w.WebAppContext@63a7de79{/webadmin,jar:file:/home/agarcia/github/funciones.de/neo4j/system/lib/neo4j-server-2.0.0-M06-static-web.jar!/webadmin-html,AVAILABLE}
16:48:37.488 [main] INFO  o.e.j.server.handler.ContextHandler - Started o.e.j.s.ServletContextHandler@67a80f8e{/db/manage,null,AVAILABLE}
16:48:37.762 [main] INFO  o.e.j.server.handler.ContextHandler - Started o.e.j.s.ServletContextHandler@786b8e25{/db/data,null,AVAILABLE}
16:48:37.763 [main] WARN  o.e.jetty.webapp.WebInfConfiguration - Can't reuse /tmp/jetty-localhost-7474-browser-_browser-any-, using /tmp/jetty-localhost-7474-browser-_browser-any-_8906150970132782878
16:48:37.781 [main] INFO  o.e.j.w.StandardDescriptorProcessor - NO JSP Support for /browser, did not find org.apache.jasper.servlet.JspServlet
16:48:37.783 [main] INFO  o.e.j.server.handler.ContextHandler - Started o.e.j.w.WebAppContext@264e88de{/browser,jar:file:/home/agarcia/github/funciones.de/neo4j/system/lib/neo4j-browser-0.1.20.jar!/browser,AVAILABLE}
16:48:37.874 [main] INFO  o.e.j.server.handler.ContextHandler - Started o.e.j.s.ServletContextHandler@34320932{/,null,AVAILABLE}
16:48:37.890 [main] INFO  o.e.jetty.server.ServerConnector - Started ServerConnector@20a594d3{HTTP/1.1}{localhost:7474}
16:48:37.969 [main] INFO  o.e.jetty.server.ServerConnector - Started ServerConnector@290f6b0c{SSL-HTTP/1.1}{localhost:7473}
2013-12-07 22:48:37.970+0000 INFO  [API] Remote interface ready and available at [http://localhost:7474/]
