Oct 29, 2013 9:20:53 AM org.neo4j.server.logging.Logger log
WARNING: You are using an unsupported Java runtime. Please use Oracle(R) Java(TM) Runtime Environment 7.
Oct 29, 2013 9:20:54 AM org.neo4j.server.logging.Logger log
INFO: Setting startup timeout to: 120000ms based on -1
Oct 29, 2013 9:20:59 AM org.neo4j.server.logging.Logger log
INFO: Successfully started database
Oct 29, 2013 9:20:59 AM org.neo4j.server.logging.Logger log
INFO: Starting HTTP on port :7474 with 80 threads available
Oct 29, 2013 9:21:00 AM org.neo4j.server.logging.Logger log
INFO: Enabling HTTPS on port :7473
Oct 29, 2013 9:21:00 AM org.neo4j.server.logging.Logger log
INFO: No SSL certificate found, generating a self-signed certificate..
Oct 29, 2013 9:21:00 AM org.neo4j.server.logging.Logger log
INFO: Mounted discovery module at [/]
Oct 29, 2013 9:21:00 AM org.neo4j.server.logging.Logger log
INFO: Mounted REST API at [/db/data/]
Oct 29, 2013 9:21:00 AM org.neo4j.server.logging.Logger log
INFO: Mounted management API at [/db/manage/]
Oct 29, 2013 9:21:00 AM org.neo4j.server.logging.Logger log
INFO: Mounted webadmin at [/webadmin]
Oct 29, 2013 9:21:00 AM org.neo4j.server.logging.Logger log
INFO: Mounted Neo4j Browser at [/browser]
Oct 29, 2013 9:21:00 AM org.neo4j.server.logging.Logger log
INFO: Mounting static content at [/webadmin] from [webadmin-html]
Oct 29, 2013 9:21:00 AM org.neo4j.server.logging.Logger log
INFO: Mounting static content at [/browser] from [browser]
Oct 29, 2013 9:21:00 AM com.sun.jersey.server.impl.application.WebApplicationImpl _initiate
INFO: Initiating Jersey application, version 'Jersey: 1.9 09/02/2011 11:17 AM'
Oct 29, 2013 9:21:01 AM com.sun.jersey.server.impl.application.WebApplicationImpl _initiate
INFO: Initiating Jersey application, version 'Jersey: 1.9 09/02/2011 11:17 AM'
Oct 29, 2013 9:21:01 AM com.sun.jersey.server.impl.application.WebApplicationImpl _initiate
INFO: Initiating Jersey application, version 'Jersey: 1.9 09/02/2011 11:17 AM'
Oct 29, 2013 9:21:01 AM org.neo4j.server.logging.Logger log
INFO: Remote interface ready and available at [http://localhost:7474/]
Nov 25, 2013 11:26:49 PM org.neo4j.server.logging.Logger log
WARNING: You are using an unsupported Java runtime. Please use Oracle(R) Java(TM) Runtime Environment 7.
Nov 25, 2013 11:26:51 PM org.neo4j.server.logging.Logger log
INFO: Setting startup timeout to: 120000ms based on -1
Nov 25, 2013 11:27:02 PM org.neo4j.server.logging.Logger log
INFO: Successfully started database
Nov 25, 2013 11:27:03 PM org.neo4j.server.logging.Logger log
INFO: Starting HTTP on port :7474 with 80 threads available
Nov 25, 2013 11:27:04 PM org.neo4j.server.logging.Logger log
INFO: Enabling HTTPS on port :7473
Nov 25, 2013 11:27:04 PM org.neo4j.server.logging.Logger log
INFO: Mounted discovery module at [/]
Nov 25, 2013 11:27:04 PM org.neo4j.server.logging.Logger log
INFO: Mounted REST API at [/db/data/]
Nov 25, 2013 11:27:04 PM org.neo4j.server.logging.Logger log
INFO: Mounted management API at [/db/manage/]
Nov 25, 2013 11:27:04 PM org.neo4j.server.logging.Logger log
INFO: Mounted webadmin at [/webadmin]
Nov 25, 2013 11:27:04 PM org.neo4j.server.logging.Logger log
INFO: Mounted Neo4j Browser at [/browser]
Nov 25, 2013 11:27:04 PM org.neo4j.server.logging.Logger log
INFO: Mounting static content at [/webadmin] from [webadmin-html]
Nov 25, 2013 11:27:04 PM org.neo4j.server.logging.Logger log
INFO: Mounting static content at [/browser] from [browser]
Nov 25, 2013 11:27:05 PM com.sun.jersey.server.impl.application.WebApplicationImpl _initiate
INFO: Initiating Jersey application, version 'Jersey: 1.9 09/02/2011 11:17 AM'
Nov 25, 2013 11:27:05 PM com.sun.jersey.server.impl.application.WebApplicationImpl _initiate
INFO: Initiating Jersey application, version 'Jersey: 1.9 09/02/2011 11:17 AM'
Nov 25, 2013 11:27:05 PM com.sun.jersey.server.impl.application.WebApplicationImpl _initiate
INFO: Initiating Jersey application, version 'Jersey: 1.9 09/02/2011 11:17 AM'
Nov 25, 2013 11:27:06 PM org.neo4j.server.logging.Logger log
INFO: Remote interface ready and available at [http://localhost:7474/]
Nov 27, 2013 8:34:23 PM org.neo4j.server.logging.Logger log
WARNING: You are using an unsupported Java runtime. Please use Oracle(R) Java(TM) Runtime Environment 7.
Nov 27, 2013 8:34:26 PM org.neo4j.server.logging.Logger log
INFO: Setting startup timeout to: 120000ms based on -1
Nov 27, 2013 8:34:34 PM org.neo4j.server.logging.Logger log
INFO: Successfully started database
Nov 27, 2013 8:34:36 PM org.neo4j.server.logging.Logger log
INFO: Starting HTTP on port :7474 with 80 threads available
Nov 27, 2013 8:34:36 PM org.neo4j.server.logging.Logger log
INFO: Enabling HTTPS on port :7473
Nov 27, 2013 8:34:37 PM org.neo4j.server.logging.Logger log
INFO: Mounted discovery module at [/]
Nov 27, 2013 8:34:37 PM org.neo4j.server.logging.Logger log
INFO: Mounted REST API at [/db/data/]
Nov 27, 2013 8:34:37 PM org.neo4j.server.logging.Logger log
INFO: Mounted management API at [/db/manage/]
Nov 27, 2013 8:34:37 PM org.neo4j.server.logging.Logger log
INFO: Mounted webadmin at [/webadmin]
Nov 27, 2013 8:34:37 PM org.neo4j.server.logging.Logger log
INFO: Mounted Neo4j Browser at [/browser]
Nov 27, 2013 8:34:37 PM org.neo4j.server.logging.Logger log
INFO: Mounting static content at [/webadmin] from [webadmin-html]
Nov 27, 2013 8:34:37 PM org.neo4j.server.logging.Logger log
INFO: Mounting static content at [/browser] from [browser]
Nov 27, 2013 8:34:38 PM com.sun.jersey.server.impl.application.WebApplicationImpl _initiate
INFO: Initiating Jersey application, version 'Jersey: 1.9 09/02/2011 11:17 AM'
Nov 27, 2013 8:34:38 PM com.sun.jersey.server.impl.application.WebApplicationImpl _initiate
INFO: Initiating Jersey application, version 'Jersey: 1.9 09/02/2011 11:17 AM'
Nov 27, 2013 8:34:38 PM com.sun.jersey.server.impl.application.WebApplicationImpl _initiate
INFO: Initiating Jersey application, version 'Jersey: 1.9 09/02/2011 11:17 AM'
Nov 27, 2013 8:34:39 PM org.neo4j.server.logging.Logger log
INFO: Remote interface ready and available at [http://localhost:7474/]
Dec 07, 2013 4:46:43 PM org.neo4j.server.logging.Logger log
WARNING: You are using an unsupported Java runtime. Please use Oracle(R) Java(TM) Runtime Environment 7.
Dec 07, 2013 4:46:43 PM org.neo4j.server.logging.Logger log
INFO: Setting startup timeout to: 120000ms based on -1
Dec 07, 2013 4:47:44 PM org.neo4j.server.logging.Logger log
INFO: Successfully started database
Dec 07, 2013 4:47:44 PM org.neo4j.server.logging.Logger log
INFO: Starting HTTP on port :7474 with 80 threads available
Dec 07, 2013 4:47:44 PM org.neo4j.server.logging.Logger log
INFO: Enabling HTTPS on port :7473
Dec 07, 2013 4:47:44 PM org.neo4j.server.logging.Logger log
INFO: Mounted discovery module at [/]
Dec 07, 2013 4:47:44 PM org.neo4j.server.logging.Logger log
INFO: Mounted REST API at [/db/data/]
Dec 07, 2013 4:47:44 PM org.neo4j.server.logging.Logger log
INFO: Mounted management API at [/db/manage/]
Dec 07, 2013 4:47:45 PM org.neo4j.server.logging.Logger log
INFO: Mounted webadmin at [/webadmin]
Dec 07, 2013 4:47:45 PM org.neo4j.server.logging.Logger log
INFO: Mounted Neo4j Browser at [/browser]
Dec 07, 2013 4:47:45 PM org.neo4j.server.logging.Logger log
INFO: Mounting static content at [/webadmin] from [webadmin-html]
Dec 07, 2013 4:47:45 PM org.neo4j.server.logging.Logger log
INFO: Mounting static content at [/browser] from [browser]
Dec 07, 2013 4:47:45 PM com.sun.jersey.server.impl.application.WebApplicationImpl _initiate
INFO: Initiating Jersey application, version 'Jersey: 1.9 09/02/2011 11:17 AM'
Dec 07, 2013 4:47:45 PM com.sun.jersey.server.impl.application.WebApplicationImpl _initiate
INFO: Initiating Jersey application, version 'Jersey: 1.9 09/02/2011 11:17 AM'
Dec 07, 2013 4:47:46 PM com.sun.jersey.server.impl.application.WebApplicationImpl _initiate
INFO: Initiating Jersey application, version 'Jersey: 1.9 09/02/2011 11:17 AM'
Dec 07, 2013 4:47:46 PM org.neo4j.server.logging.Logger log
INFO: Remote interface ready and available at [http://localhost:7474/]
Dec 07, 2013 4:48:27 PM org.neo4j.server.logging.Logger log
INFO: Neo4j Server shutdown initiated by request
Dec 07, 2013 4:48:34 PM org.neo4j.server.logging.Logger log
WARNING: You are using an unsupported Java runtime. Please use Oracle(R) Java(TM) Runtime Environment 7.
Dec 07, 2013 4:48:34 PM org.neo4j.server.logging.Logger log
INFO: Setting startup timeout to: 120000ms based on -1
Dec 07, 2013 4:48:35 PM org.neo4j.server.logging.Logger log
INFO: Successfully started database
Dec 07, 2013 4:48:36 PM org.neo4j.server.logging.Logger log
INFO: Starting HTTP on port :7474 with 80 threads available
Dec 07, 2013 4:48:36 PM org.neo4j.server.logging.Logger log
INFO: Enabling HTTPS on port :7473
Dec 07, 2013 4:48:36 PM org.neo4j.server.logging.Logger log
INFO: Mounted discovery module at [/]
Dec 07, 2013 4:48:36 PM org.neo4j.server.logging.Logger log
INFO: Mounted REST API at [/db/data/]
Dec 07, 2013 4:48:36 PM org.neo4j.server.logging.Logger log
INFO: Mounted management API at [/db/manage/]
Dec 07, 2013 4:48:36 PM org.neo4j.server.logging.Logger log
INFO: Mounted webadmin at [/webadmin]
Dec 07, 2013 4:48:36 PM org.neo4j.server.logging.Logger log
INFO: Mounted Neo4j Browser at [/browser]
Dec 07, 2013 4:48:36 PM org.neo4j.server.logging.Logger log
INFO: Mounting static content at [/webadmin] from [webadmin-html]
Dec 07, 2013 4:48:36 PM org.neo4j.server.logging.Logger log
INFO: Mounting static content at [/browser] from [browser]
Dec 07, 2013 4:48:37 PM com.sun.jersey.server.impl.application.WebApplicationImpl _initiate
INFO: Initiating Jersey application, version 'Jersey: 1.9 09/02/2011 11:17 AM'
Dec 07, 2013 4:48:37 PM com.sun.jersey.server.impl.application.WebApplicationImpl _initiate
INFO: Initiating Jersey application, version 'Jersey: 1.9 09/02/2011 11:17 AM'
Dec 07, 2013 4:48:37 PM com.sun.jersey.server.impl.application.WebApplicationImpl _initiate
INFO: Initiating Jersey application, version 'Jersey: 1.9 09/02/2011 11:17 AM'
Dec 07, 2013 4:48:37 PM org.neo4j.server.logging.Logger log
INFO: Remote interface ready and available at [http://localhost:7474/]
