2013-12-12 19:47:17.639+0000 INFO  [o.n.k.i.DiagnosticsManager]: --- INITIALIZED diagnostics START ---
2013-12-12 19:47:17.640+0000 INFO  [o.n.k.i.DiagnosticsManager]: Neo4j Kernel properties:
2013-12-12 19:47:17.644+0000 INFO  [o.n.k.i.DiagnosticsManager]: neostore.propertystore.db.mapped_memory=1252M
2013-12-12 19:47:17.644+0000 INFO  [o.n.k.i.DiagnosticsManager]: neo_store=/home/agarcia/github/funciones.de/neo4j/data/graph.db/neostore
2013-12-12 19:47:17.644+0000 INFO  [o.n.k.i.DiagnosticsManager]: neostore.nodestore.db.mapped_memory=347M
2013-12-12 19:47:17.644+0000 INFO  [o.n.k.i.DiagnosticsManager]: node_auto_indexing=true
2013-12-12 19:47:17.644+0000 INFO  [o.n.k.i.DiagnosticsManager]: neostore.propertystore.db.strings.mapped_memory=1064M
2013-12-12 19:47:17.644+0000 INFO  [o.n.k.i.DiagnosticsManager]: neo4j.ext.udc.source=server
2013-12-12 19:47:17.644+0000 INFO  [o.n.k.i.DiagnosticsManager]: store_dir=data/graph.db
2013-12-12 19:47:17.644+0000 INFO  [o.n.k.i.DiagnosticsManager]: neostore.relationshipstore.db.mapped_memory=1534M
2013-12-12 19:47:17.644+0000 INFO  [o.n.k.i.DiagnosticsManager]: keep_logical_logs=true
2013-12-12 19:47:17.644+0000 INFO  [o.n.k.i.DiagnosticsManager]: node_keys_indexable=name,title,released,tagline
2013-12-12 19:47:17.644+0000 INFO  [o.n.k.i.DiagnosticsManager]: neostore.propertystore.db.arrays.mapped_memory=1206M
2013-12-12 19:47:17.644+0000 INFO  [o.n.k.i.DiagnosticsManager]: remote_shell_enabled=true
2013-12-12 19:47:17.645+0000 INFO  [o.n.k.i.DiagnosticsManager]: ephemeral=false
2013-12-12 19:47:17.646+0000 INFO  [o.n.k.i.DiagnosticsManager]: Diagnostics providers:
2013-12-12 19:47:17.646+0000 INFO  [o.n.k.i.DiagnosticsManager]: org.neo4j.kernel.configuration.Config
2013-12-12 19:47:17.646+0000 INFO  [o.n.k.i.DiagnosticsManager]: org.neo4j.kernel.info.DiagnosticsManager
2013-12-12 19:47:17.646+0000 INFO  [o.n.k.i.DiagnosticsManager]: SYSTEM_MEMORY
2013-12-12 19:47:17.646+0000 INFO  [o.n.k.i.DiagnosticsManager]: JAVA_MEMORY
2013-12-12 19:47:17.646+0000 INFO  [o.n.k.i.DiagnosticsManager]: OPERATING_SYSTEM
2013-12-12 19:47:17.646+0000 INFO  [o.n.k.i.DiagnosticsManager]: JAVA_VIRTUAL_MACHINE
2013-12-12 19:47:17.646+0000 INFO  [o.n.k.i.DiagnosticsManager]: CLASSPATH
2013-12-12 19:47:17.646+0000 INFO  [o.n.k.i.DiagnosticsManager]: LIBRARY_PATH
2013-12-12 19:47:17.646+0000 INFO  [o.n.k.i.DiagnosticsManager]: SYSTEM_PROPERTIES
2013-12-12 19:47:17.646+0000 INFO  [o.n.k.i.DiagnosticsManager]: LINUX_SCHEDULERS
2013-12-12 19:47:17.646+0000 INFO  [o.n.k.i.DiagnosticsManager]: NETWORK
2013-12-12 19:47:17.646+0000 INFO  [o.n.k.i.DiagnosticsManager]: System memory information:
2013-12-12 19:47:17.648+0000 INFO  [o.n.k.i.DiagnosticsManager]: Total Physical memory: 15.59 GB
2013-12-12 19:47:17.649+0000 INFO  [o.n.k.i.DiagnosticsManager]: Free Physical memory: 13.14 GB
2013-12-12 19:47:17.649+0000 INFO  [o.n.k.i.DiagnosticsManager]: Committed virtual memory: 5.09 GB
2013-12-12 19:47:17.649+0000 INFO  [o.n.k.i.DiagnosticsManager]: Total swap space: 15.91 GB
2013-12-12 19:47:17.649+0000 INFO  [o.n.k.i.DiagnosticsManager]: Free swap space: 15.91 GB
2013-12-12 19:47:17.650+0000 INFO  [o.n.k.i.DiagnosticsManager]: JVM memory information:
2013-12-12 19:47:17.650+0000 INFO  [o.n.k.i.DiagnosticsManager]: Free  memory: 194.44 MB
2013-12-12 19:47:17.650+0000 INFO  [o.n.k.i.DiagnosticsManager]: Total memory: 241.13 MB
2013-12-12 19:47:17.650+0000 INFO  [o.n.k.i.DiagnosticsManager]: Max   memory: 3.83 GB
2013-12-12 19:47:17.652+0000 INFO  [o.n.k.i.DiagnosticsManager]: Garbage Collector: ParNew: [Par Eden Space, Par Survivor Space]
2013-12-12 19:47:17.652+0000 INFO  [o.n.k.i.DiagnosticsManager]: Garbage Collector: ConcurrentMarkSweep: [Par Eden Space, Par Survivor Space, CMS Old Gen, CMS Perm Gen]
2013-12-12 19:47:17.653+0000 INFO  [o.n.k.i.DiagnosticsManager]: Memory Pool: Code Cache (Non-heap memory): committed=2.44 MB, used=633.06 kB, max=48.00 MB, threshold=0.00 B
2013-12-12 19:47:17.653+0000 INFO  [o.n.k.i.DiagnosticsManager]: Memory Pool: Par Eden Space (Heap memory): committed=66.50 MB, used=46.68 MB, max=532.56 MB, threshold=?
2013-12-12 19:47:17.654+0000 INFO  [o.n.k.i.DiagnosticsManager]: Memory Pool: Par Survivor Space (Heap memory): committed=8.31 MB, used=0.00 B, max=66.50 MB, threshold=?
2013-12-12 19:47:17.654+0000 INFO  [o.n.k.i.DiagnosticsManager]: Memory Pool: CMS Old Gen (Heap memory): committed=166.31 MB, used=0.00 B, max=3.25 GB, threshold=0.00 B
2013-12-12 19:47:17.654+0000 INFO  [o.n.k.i.DiagnosticsManager]: Memory Pool: CMS Perm Gen (Non-heap memory): committed=20.75 MB, used=13.55 MB, max=166.00 MB, threshold=0.00 B
2013-12-12 19:47:17.655+0000 INFO  [o.n.k.i.DiagnosticsManager]: Operating system information:
2013-12-12 19:47:17.655+0000 INFO  [o.n.k.i.DiagnosticsManager]: Operating System: Linux; version: 3.8.0-34-generic; arch: amd64; cpus: 8
2013-12-12 19:47:17.655+0000 INFO  [o.n.k.i.DiagnosticsManager]: Max number of file descriptors: 4096
2013-12-12 19:47:17.655+0000 INFO  [o.n.k.i.DiagnosticsManager]: Number of open file descriptors: 74
2013-12-12 19:47:17.655+0000 INFO  [o.n.k.i.DiagnosticsManager]: Process id: 10035@cimat-mbp
2013-12-12 19:47:17.655+0000 INFO  [o.n.k.i.DiagnosticsManager]: Byte order: LITTLE_ENDIAN
2013-12-12 19:47:17.656+0000 INFO  [o.n.k.i.DiagnosticsManager]: Local timezone: America/Mexico_City
2013-12-12 19:47:17.656+0000 INFO  [o.n.k.i.DiagnosticsManager]: JVM information:
2013-12-12 19:47:17.656+0000 INFO  [o.n.k.i.DiagnosticsManager]: VM Name: OpenJDK 64-Bit Server VM
2013-12-12 19:47:17.656+0000 INFO  [o.n.k.i.DiagnosticsManager]: VM Vendor: Oracle Corporation
2013-12-12 19:47:17.656+0000 INFO  [o.n.k.i.DiagnosticsManager]: VM Version: 23.7-b01
2013-12-12 19:47:17.656+0000 INFO  [o.n.k.i.DiagnosticsManager]: JIT compiler: HotSpot 64-Bit Tiered Compilers
2013-12-12 19:47:17.656+0000 INFO  [o.n.k.i.DiagnosticsManager]: VM Arguments: [-XX:+DisableExplicitGC, -Dorg.neo4j.server.properties=conf/neo4j-server.properties, -Djava.util.logging.config.file=conf/logging.properties, -Dlog4j.configuration=file:conf/log4j.properties, -XX:+UseConcMarkSweepGC, -XX:+CMSClassUnloadingEnabled, -Dneo4j.home=/home/agarcia/github/funciones.de/neo4j, -Dneo4j.instance=/home/agarcia/github/funciones.de/neo4j, -Dfile.encoding=UTF-8]
2013-12-12 19:47:17.656+0000 INFO  [o.n.k.i.DiagnosticsManager]: Java classpath:
2013-12-12 19:47:17.658+0000 INFO  [o.n.k.i.DiagnosticsManager]:  [classpath + loader.0] file:/home/agarcia/github/funciones.de/neo4j/lib/concurrentlinkedhashmap-lru-1.3.1.jar
2013-12-12 19:47:17.658+0000 INFO  [o.n.k.i.DiagnosticsManager]:  [classpath + loader.0] file:/home/agarcia/github/funciones.de/neo4j/system/lib/commons-io-1.4.jar
2013-12-12 19:47:17.658+0000 INFO  [o.n.k.i.DiagnosticsManager]:  [loader.1] file:/usr/lib/jvm/java-7-openjdk-common/jre/lib/ext/sunpkcs11.jar
2013-12-12 19:47:17.658+0000 INFO  [o.n.k.i.DiagnosticsManager]:  [bootstrap] /usr/lib/jvm/java-7-openjdk-amd64/jre/lib/plugin.jar
2013-12-12 19:47:17.659+0000 INFO  [o.n.k.i.DiagnosticsManager]:  [classpath + loader.0] file:/home/agarcia/github/funciones.de/neo4j/system/lib/jetty-http-9.0.5.v20130815.jar
2013-12-12 19:47:17.659+0000 INFO  [o.n.k.i.DiagnosticsManager]:  [classpath + loader.0] file:/home/agarcia/github/funciones.de/neo4j/system/lib/commons-configuration-1.6.jar
2013-12-12 19:47:17.659+0000 INFO  [o.n.k.i.DiagnosticsManager]:  [bootstrap] /usr/lib/jvm/java-7-openjdk-amd64/jre/lib/charsets.jar
2013-12-12 19:47:17.659+0000 INFO  [o.n.k.i.DiagnosticsManager]:  [classpath + loader.0] file:/home/agarcia/github/funciones.de/neo4j/conf/
2013-12-12 19:47:17.659+0000 INFO  [o.n.k.i.DiagnosticsManager]:  [classpath + loader.0] file:/home/agarcia/github/funciones.de/neo4j/system/lib/commons-digester-1.8.1.jar
2013-12-12 19:47:17.659+0000 INFO  [o.n.k.i.DiagnosticsManager]:  [classpath + loader.0] file:/home/agarcia/github/funciones.de/neo4j/lib/parboiled-core-1.1.6.jar
2013-12-12 19:47:17.659+0000 INFO  [o.n.k.i.DiagnosticsManager]:  [classpath + loader.0] file:/home/agarcia/github/funciones.de/neo4j/system/lib/logback-core-1.0.9.jar
2013-12-12 19:47:17.659+0000 INFO  [o.n.k.i.DiagnosticsManager]:  [bootstrap] /usr/lib/jvm/java-7-openjdk-amd64/jre/lib/sunrsasign.jar
2013-12-12 19:47:17.659+0000 INFO  [o.n.k.i.DiagnosticsManager]:  [bootstrap] /usr/lib/jvm/java-7-openjdk-amd64/jre/lib/rhino.jar
2013-12-12 19:47:17.659+0000 INFO  [o.n.k.i.DiagnosticsManager]:  [loader.1] file:/usr/lib/x86_64-linux-gnu/jni/libatk-wrapper.so.0.0.18
2013-12-12 19:47:17.659+0000 INFO  [o.n.k.i.DiagnosticsManager]:  [classpath + loader.0] file:/home/agarcia/github/funciones.de/neo4j/system/lib/logback-access-1.0.9.jar
2013-12-12 19:47:17.659+0000 INFO  [o.n.k.i.DiagnosticsManager]:  [classpath + loader.0] file:/home/agarcia/github/funciones.de/neo4j/lib/neo4j-lucene-index-2.0.0-M06.jar
2013-12-12 19:47:17.659+0000 INFO  [o.n.k.i.DiagnosticsManager]:  [classpath + loader.0] file:/home/agarcia/github/funciones.de/neo4j/system/lib/jersey-multipart-1.9.jar
2013-12-12 19:47:17.659+0000 INFO  [o.n.k.i.DiagnosticsManager]:  [classpath + loader.0] file:/home/agarcia/github/funciones.de/neo4j/system/lib/jsr311-api-1.1.2.r612.jar
2013-12-12 19:47:17.659+0000 INFO  [o.n.k.i.DiagnosticsManager]:  [loader.1] file:/usr/share/java/java-atk-wrapper.jar
2013-12-12 19:47:17.659+0000 INFO  [o.n.k.i.DiagnosticsManager]:  [classpath + loader.0] file:/home/agarcia/github/funciones.de/neo4j/lib/server-api-2.0.0-M06.jar
2013-12-12 19:47:17.659+0000 INFO  [o.n.k.i.DiagnosticsManager]:  [loader.1] file:/usr/lib/jvm/java-7-openjdk-common/jre/lib/ext/sunjce_provider.jar
2013-12-12 19:47:17.659+0000 INFO  [o.n.k.i.DiagnosticsManager]:  [classpath + loader.0] file:/home/agarcia/github/funciones.de/neo4j/lib/geronimo-jta_1.1_spec-1.1.1.jar
2013-12-12 19:47:17.659+0000 INFO  [o.n.k.i.DiagnosticsManager]:  [classpath + loader.0] file:/home/agarcia/github/funciones.de/neo4j/system/lib/bcprov-jdk16-140.jar
2013-12-12 19:47:17.659+0000 INFO  [o.n.k.i.DiagnosticsManager]:  [classpath + loader.0] file:/home/agarcia/github/funciones.de/neo4j/system/lib/jetty-server-9.0.5.v20130815.jar
2013-12-12 19:47:17.659+0000 INFO  [o.n.k.i.DiagnosticsManager]:  [classpath + loader.0] file:/home/agarcia/github/funciones.de/neo4j/system/lib/logback-classic-1.0.9.jar
2013-12-12 19:47:17.659+0000 INFO  [o.n.k.i.DiagnosticsManager]:  [classpath + loader.0] file:/home/agarcia/github/funciones.de/neo4j/system/lib/janino-2.6.1.jar
2013-12-12 19:47:17.659+0000 INFO  [o.n.k.i.DiagnosticsManager]:  [classpath + loader.0] file:/home/agarcia/github/funciones.de/neo4j/system/lib/jackson-mapper-asl-1.9.7.jar
2013-12-12 19:47:17.659+0000 INFO  [o.n.k.i.DiagnosticsManager]:  [classpath + loader.0] file:/home/agarcia/github/funciones.de/neo4j/system/lib/jetty-servlet-9.0.5.v20130815.jar
2013-12-12 19:47:17.660+0000 INFO  [o.n.k.i.DiagnosticsManager]:  [classpath + loader.0] file:/home/agarcia/github/funciones.de/neo4j/system/lib/jersey-core-1.9.jar
2013-12-12 19:47:17.660+0000 INFO  [o.n.k.i.DiagnosticsManager]:  [classpath + loader.0] file:/home/agarcia/github/funciones.de/neo4j/lib/neo4j-kernel-2.0.0-M06.jar
2013-12-12 19:47:17.660+0000 INFO  [o.n.k.i.DiagnosticsManager]:  [classpath + loader.0] file:/home/agarcia/github/funciones.de/neo4j/system/lib/neo4j-server-2.0.0-M06-static-web.jar
2013-12-12 19:47:17.660+0000 INFO  [o.n.k.i.DiagnosticsManager]:  [classpath + loader.0] file:/home/agarcia/github/funciones.de/neo4j/system/lib/neo4j-browser-0.1.20.jar
2013-12-12 19:47:17.660+0000 INFO  [o.n.k.i.DiagnosticsManager]:  [classpath + loader.0] file:/home/agarcia/github/funciones.de/neo4j/system/lib/jcl-over-slf4j-1.6.1.jar
2013-12-12 19:47:17.660+0000 INFO  [o.n.k.i.DiagnosticsManager]:  [classpath + loader.0] file:/home/agarcia/github/funciones.de/neo4j/system/lib/commons-logging-1.1.1.jar
2013-12-12 19:47:17.660+0000 INFO  [o.n.k.i.DiagnosticsManager]:  [classpath + loader.0] file:/home/agarcia/github/funciones.de/neo4j/system/lib/commons-beanutils-1.8.0.jar
2013-12-12 19:47:17.660+0000 INFO  [o.n.k.i.DiagnosticsManager]:  [classpath + loader.0] file:/home/agarcia/github/funciones.de/neo4j/system/lib/jetty-util-9.0.5.v20130815.jar
2013-12-12 19:47:17.660+0000 INFO  [o.n.k.i.DiagnosticsManager]:  [bootstrap] /usr/lib/jvm/java-7-openjdk-amd64/jre/lib/jce.jar
2013-12-12 19:47:17.660+0000 INFO  [o.n.k.i.DiagnosticsManager]:  [classpath + loader.0] file:/home/agarcia/github/funciones.de/neo4j/system/lib/commons-collections-3.2.1.jar
2013-12-12 19:47:17.660+0000 INFO  [o.n.k.i.DiagnosticsManager]:  [classpath + loader.0] file:/home/agarcia/github/funciones.de/neo4j/lib/neo4j-graph-matching-2.0.0-M06.jar
2013-12-12 19:47:17.660+0000 INFO  [o.n.k.i.DiagnosticsManager]:  [loader.1] file:/usr/lib/jvm/java-7-openjdk-common/jre/lib/ext/localedata.jar
2013-12-12 19:47:17.660+0000 INFO  [o.n.k.i.DiagnosticsManager]:  [bootstrap] /usr/lib/jvm/java-7-openjdk-amd64/jre/lib/jsse.jar
2013-12-12 19:47:17.660+0000 INFO  [o.n.k.i.DiagnosticsManager]:  [classpath + loader.0] file:/home/agarcia/github/funciones.de/neo4j/system/lib/jackson-core-asl-1.9.7.jar
2013-12-12 19:47:17.660+0000 INFO  [o.n.k.i.DiagnosticsManager]:  [classpath + loader.0] file:/home/agarcia/github/funciones.de/neo4j/lib/parboiled-scala_2.10-1.1.6.jar
2013-12-12 19:47:17.660+0000 INFO  [o.n.k.i.DiagnosticsManager]:  [classpath + loader.0] file:/home/agarcia/github/funciones.de/neo4j/system/lib/rrd4j-2.0.7.jar
2013-12-12 19:47:17.660+0000 INFO  [o.n.k.i.DiagnosticsManager]:  [loader.1] file:/usr/lib/jvm/java-7-openjdk-common/jre/lib/ext/dnsns.jar
2013-12-12 19:47:17.660+0000 INFO  [o.n.k.i.DiagnosticsManager]:  [classpath + loader.0] file:/home/agarcia/github/funciones.de/neo4j/system/lib/jersey-server-1.9.jar
2013-12-12 19:47:17.660+0000 INFO  [o.n.k.i.DiagnosticsManager]:  [classpath + loader.0] file:/home/agarcia/github/funciones.de/neo4j/lib/neo4j-udc-2.0.0-M06.jar
2013-12-12 19:47:17.660+0000 INFO  [o.n.k.i.DiagnosticsManager]:  [classpath + loader.0] file:/home/agarcia/github/funciones.de/neo4j/system/lib/jetty-io-9.0.5.v20130815.jar
2013-12-12 19:47:17.660+0000 INFO  [o.n.k.i.DiagnosticsManager]:  [classpath + loader.0] file:/home/agarcia/github/funciones.de/neo4j/system/lib/rhino-1.7R3.jar
2013-12-12 19:47:17.660+0000 INFO  [o.n.k.i.DiagnosticsManager]:  [classpath + loader.0] file:/home/agarcia/github/funciones.de/neo4j/lib/neo4j-jmx-2.0.0-M06.jar
2013-12-12 19:47:17.660+0000 INFO  [o.n.k.i.DiagnosticsManager]:  [classpath + loader.0] file:/home/agarcia/github/funciones.de/neo4j/system/lib/asm-3.1.jar
2013-12-12 19:47:17.660+0000 INFO  [o.n.k.i.DiagnosticsManager]:  [classpath + loader.0] file:/home/agarcia/github/funciones.de/neo4j/system/lib/jetty-webapp-9.0.5.v20130815.jar
2013-12-12 19:47:17.661+0000 INFO  [o.n.k.i.DiagnosticsManager]:  [classpath + loader.0] file:/home/agarcia/github/funciones.de/neo4j/system/lib/jetty-security-9.0.5.v20130815.jar
2013-12-12 19:47:17.661+0000 INFO  [o.n.k.i.DiagnosticsManager]:  [bootstrap] /usr/lib/jvm/java-7-openjdk-amd64/jre/lib/netx.jar
2013-12-12 19:47:17.661+0000 INFO  [o.n.k.i.DiagnosticsManager]:  [classpath + loader.0] file:/home/agarcia/github/funciones.de/neo4j/lib/neo4j-graph-algo-2.0.0-M06.jar
2013-12-12 19:47:17.661+0000 INFO  [o.n.k.i.DiagnosticsManager]:  [bootstrap] /usr/lib/jvm/java-7-openjdk-amd64/jre/classes
2013-12-12 19:47:17.661+0000 INFO  [o.n.k.i.DiagnosticsManager]:  [classpath + loader.0] file:/home/agarcia/github/funciones.de/neo4j/system/lib/slf4j-api-1.6.2.jar
2013-12-12 19:47:17.661+0000 INFO  [o.n.k.i.DiagnosticsManager]:  [classpath + loader.0] file:/home/agarcia/github/funciones.de/neo4j/system/lib/jackson-jaxrs-1.9.7.jar
2013-12-12 19:47:17.661+0000 INFO  [o.n.k.i.DiagnosticsManager]:  [bootstrap] /usr/lib/jvm/java-7-openjdk-amd64/jre/lib/jfr.jar
2013-12-12 19:47:17.661+0000 INFO  [o.n.k.i.DiagnosticsManager]:  [classpath + loader.0] file:/home/agarcia/github/funciones.de/neo4j/lib/org.apache.servicemix.bundles.jline-0.9.94_1.jar
2013-12-12 19:47:17.661+0000 INFO  [o.n.k.i.DiagnosticsManager]:  [classpath + loader.0] file:/home/agarcia/github/funciones.de/neo4j/system/lib/mimepull-1.6.jar
2013-12-12 19:47:17.661+0000 INFO  [o.n.k.i.DiagnosticsManager]:  [classpath + loader.0] file:/home/agarcia/github/funciones.de/neo4j/system/lib/neo4j-server-2.0.0-M06.jar
2013-12-12 19:47:17.661+0000 INFO  [o.n.k.i.DiagnosticsManager]:  [bootstrap] /usr/lib/jvm/java-7-openjdk-amd64/jre/lib/rt.jar
2013-12-12 19:47:17.661+0000 INFO  [o.n.k.i.DiagnosticsManager]:  [classpath + loader.0] file:/home/agarcia/github/funciones.de/neo4j/lib/scala-library-2.10.2.jar
2013-12-12 19:47:17.661+0000 INFO  [o.n.k.i.DiagnosticsManager]:  [loader.1] file:/usr/lib/jvm/java-7-openjdk-common/jre/lib/ext/pulse-java.jar
2013-12-12 19:47:17.661+0000 INFO  [o.n.k.i.DiagnosticsManager]:  [classpath + loader.0] file:/home/agarcia/github/funciones.de/neo4j/system/lib/commons-compiler-2.6.1.jar
2013-12-12 19:47:17.661+0000 INFO  [o.n.k.i.DiagnosticsManager]:  [classpath + loader.0] file:/home/agarcia/github/funciones.de/neo4j/lib/lucene-core-3.6.2.jar
2013-12-12 19:47:17.661+0000 INFO  [o.n.k.i.DiagnosticsManager]:  [classpath + loader.0] file:/home/agarcia/github/funciones.de/neo4j/system/lib/jetty-xml-9.0.5.v20130815.jar
2013-12-12 19:47:17.661+0000 INFO  [o.n.k.i.DiagnosticsManager]:  [classpath + loader.0] file:/home/agarcia/github/funciones.de/neo4j/system/lib/commons-beanutils-core-1.8.0.jar
2013-12-12 19:47:17.661+0000 INFO  [o.n.k.i.DiagnosticsManager]:  [classpath + loader.0] file:/home/agarcia/github/funciones.de/neo4j/system/lib/commons-lang-2.4.jar
2013-12-12 19:47:17.661+0000 INFO  [o.n.k.i.DiagnosticsManager]:  [classpath + loader.0] file:/home/agarcia/github/funciones.de/neo4j/lib/neo4j-shell-2.0.0-M06.jar
2013-12-12 19:47:17.661+0000 INFO  [o.n.k.i.DiagnosticsManager]:  [classpath + loader.0] file:/home/agarcia/github/funciones.de/neo4j/lib/neo4j-cypher-2.0.0-M06.jar
2013-12-12 19:47:17.661+0000 INFO  [o.n.k.i.DiagnosticsManager]:  [bootstrap] /usr/lib/jvm/java-7-openjdk-common/jre/lib/resources.jar
2013-12-12 19:47:17.661+0000 INFO  [o.n.k.i.DiagnosticsManager]:  [classpath + loader.0] file:/home/agarcia/github/funciones.de/neo4j/system/lib/javax.servlet-3.0.0.v201112011016.jar
2013-12-12 19:47:17.661+0000 INFO  [o.n.k.i.DiagnosticsManager]:  [loader.1] file:/usr/lib/jvm/java-7-openjdk-common/jre/lib/ext/zipfs.jar
2013-12-12 19:47:17.662+0000 INFO  [o.n.k.i.DiagnosticsManager]: Library path:
2013-12-12 19:47:17.662+0000 INFO  [o.n.k.i.DiagnosticsManager]: /usr/java/packages/lib/amd64
2013-12-12 19:47:17.662+0000 INFO  [o.n.k.i.DiagnosticsManager]: /usr/lib/jni
2013-12-12 19:47:17.662+0000 INFO  [o.n.k.i.DiagnosticsManager]: /lib
2013-12-12 19:47:17.662+0000 INFO  [o.n.k.i.DiagnosticsManager]: /usr/lib
2013-12-12 19:47:17.662+0000 INFO  [o.n.k.i.DiagnosticsManager]: System.properties:
2013-12-12 19:47:17.662+0000 INFO  [o.n.k.i.DiagnosticsManager]: sun.boot.library.path = /usr/lib/jvm/java-7-openjdk-amd64/jre/lib/amd64
2013-12-12 19:47:17.662+0000 INFO  [o.n.k.i.DiagnosticsManager]: org.neo4j.server.properties = conf/neo4j-server.properties
2013-12-12 19:47:17.662+0000 INFO  [o.n.k.i.DiagnosticsManager]: path.separator = :
2013-12-12 19:47:17.662+0000 INFO  [o.n.k.i.DiagnosticsManager]: file.encoding.pkg = sun.io
2013-12-12 19:47:17.662+0000 INFO  [o.n.k.i.DiagnosticsManager]: user.country = US
2013-12-12 19:47:17.662+0000 INFO  [o.n.k.i.DiagnosticsManager]: sun.java.launcher = SUN_STANDARD
2013-12-12 19:47:17.662+0000 INFO  [o.n.k.i.DiagnosticsManager]: sun.os.patch.level = unknown
2013-12-12 19:47:17.662+0000 INFO  [o.n.k.i.DiagnosticsManager]: user.dir = /home/agarcia/github/funciones.de/neo4j
2013-12-12 19:47:17.662+0000 INFO  [o.n.k.i.DiagnosticsManager]: log4j.configuration = file:conf/log4j.properties
2013-12-12 19:47:17.662+0000 INFO  [o.n.k.i.DiagnosticsManager]: sun.jnu.encoding = UTF-8
2013-12-12 19:47:17.663+0000 INFO  [o.n.k.i.DiagnosticsManager]: sun.management.compiler = HotSpot 64-Bit Tiered Compilers
2013-12-12 19:47:17.663+0000 INFO  [o.n.k.i.DiagnosticsManager]: user.home = /root
2013-12-12 19:47:17.663+0000 INFO  [o.n.k.i.DiagnosticsManager]: user.timezone = America/Mexico_City
2013-12-12 19:47:17.663+0000 INFO  [o.n.k.i.DiagnosticsManager]: file.encoding = UTF-8
2013-12-12 19:47:17.663+0000 INFO  [o.n.k.i.DiagnosticsManager]: user.name = root
2013-12-12 19:47:17.663+0000 INFO  [o.n.k.i.DiagnosticsManager]: sun.java.command = org.neo4j.server.Bootstrapper
2013-12-12 19:47:17.663+0000 INFO  [o.n.k.i.DiagnosticsManager]: sun.arch.data.model = 64
2013-12-12 19:47:17.663+0000 INFO  [o.n.k.i.DiagnosticsManager]: user.language = en
2013-12-12 19:47:17.663+0000 INFO  [o.n.k.i.DiagnosticsManager]: awt.toolkit = sun.awt.X11.XToolkit
2013-12-12 19:47:17.663+0000 INFO  [o.n.k.i.DiagnosticsManager]: file.separator = /
2013-12-12 19:47:17.663+0000 INFO  [o.n.k.i.DiagnosticsManager]: sun.io.unicode.encoding = UnicodeLittle
2013-12-12 19:47:17.663+0000 INFO  [o.n.k.i.DiagnosticsManager]: sun.cpu.endian = little
2013-12-12 19:47:17.663+0000 INFO  [o.n.k.i.DiagnosticsManager]: neo4j.instance = /home/agarcia/github/funciones.de/neo4j
2013-12-12 19:47:17.663+0000 INFO  [o.n.k.i.DiagnosticsManager]: neo4j.home = /home/agarcia/github/funciones.de/neo4j
2013-12-12 19:47:17.663+0000 INFO  [o.n.k.i.DiagnosticsManager]: sun.cpu.isalist = 
2013-12-12 19:47:17.663+0000 INFO  [o.n.k.i.DiagnosticsManager]: Linux scheduler information:
2013-12-12 19:47:17.664+0000 INFO  [o.n.k.i.DiagnosticsManager]: noop [deadline] cfq 
2013-12-12 19:47:17.664+0000 INFO  [o.n.k.i.DiagnosticsManager]: noop [deadline] cfq 
2013-12-12 19:47:17.665+0000 INFO  [o.n.k.i.DiagnosticsManager]: none
2013-12-12 19:47:17.665+0000 INFO  [o.n.k.i.DiagnosticsManager]: none
2013-12-12 19:47:17.665+0000 INFO  [o.n.k.i.DiagnosticsManager]: none
2013-12-12 19:47:17.665+0000 INFO  [o.n.k.i.DiagnosticsManager]: none
2013-12-12 19:47:17.665+0000 INFO  [o.n.k.i.DiagnosticsManager]: none
2013-12-12 19:47:17.665+0000 INFO  [o.n.k.i.DiagnosticsManager]: none
2013-12-12 19:47:17.665+0000 INFO  [o.n.k.i.DiagnosticsManager]: none
2013-12-12 19:47:17.665+0000 INFO  [o.n.k.i.DiagnosticsManager]: none
2013-12-12 19:47:17.666+0000 INFO  [o.n.k.i.DiagnosticsManager]: none
2013-12-12 19:47:17.666+0000 INFO  [o.n.k.i.DiagnosticsManager]: none
2013-12-12 19:47:17.666+0000 INFO  [o.n.k.i.DiagnosticsManager]: none
2013-12-12 19:47:17.666+0000 INFO  [o.n.k.i.DiagnosticsManager]: none
2013-12-12 19:47:17.666+0000 INFO  [o.n.k.i.DiagnosticsManager]: none
2013-12-12 19:47:17.666+0000 INFO  [o.n.k.i.DiagnosticsManager]: none
2013-12-12 19:47:17.666+0000 INFO  [o.n.k.i.DiagnosticsManager]: none
2013-12-12 19:47:17.666+0000 INFO  [o.n.k.i.DiagnosticsManager]: none
2013-12-12 19:47:17.667+0000 INFO  [o.n.k.i.DiagnosticsManager]: none
2013-12-12 19:47:17.667+0000 INFO  [o.n.k.i.DiagnosticsManager]: none
2013-12-12 19:47:17.667+0000 INFO  [o.n.k.i.DiagnosticsManager]: none
2013-12-12 19:47:17.667+0000 INFO  [o.n.k.i.DiagnosticsManager]: none
2013-12-12 19:47:17.667+0000 INFO  [o.n.k.i.DiagnosticsManager]: none
2013-12-12 19:47:17.667+0000 INFO  [o.n.k.i.DiagnosticsManager]: none
2013-12-12 19:47:17.667+0000 INFO  [o.n.k.i.DiagnosticsManager]: none
2013-12-12 19:47:17.667+0000 INFO  [o.n.k.i.DiagnosticsManager]: none
2013-12-12 19:47:17.667+0000 INFO  [o.n.k.i.DiagnosticsManager]: Network information:
2013-12-12 19:47:17.668+0000 INFO  [o.n.k.i.DiagnosticsManager]: Interface eth1:
2013-12-12 19:47:17.668+0000 INFO  [o.n.k.i.DiagnosticsManager]:     address: fe80:0:0:0:6aa8:6dff:fe30:89ee%3
2013-12-12 19:47:17.669+0000 INFO  [o.n.k.i.DiagnosticsManager]:     address: 10.10.14.48
2013-12-12 19:47:17.669+0000 INFO  [o.n.k.i.DiagnosticsManager]: Interface lo:
2013-12-12 19:47:17.669+0000 INFO  [o.n.k.i.DiagnosticsManager]:     address: 0:0:0:0:0:0:0:1%1
2013-12-12 19:47:17.669+0000 INFO  [o.n.k.i.DiagnosticsManager]:     address: 127.0.0.1
2013-12-12 19:47:17.669+0000 INFO  [o.n.k.i.DiagnosticsManager]: --- INITIALIZED diagnostics END ---
2013-12-12 19:47:17.783+0000 INFO  [o.n.k.i.n.s.StoreFactory]: Creating new db @ /home/agarcia/github/funciones.de/neo4j/data/graph.db/neostore
2013-12-12 19:47:18.158+0000 INFO  [o.n.k.i.n.s.StoreFactory]: [/home/agarcia/github/funciones.de/neo4j/data/graph.db/neostore.nodestore.db.labels] brickCount=0 brickSize=0b mappedMem=0b (storeSize=68b)
2013-12-12 19:47:18.160+0000 INFO  [o.n.k.i.n.s.StoreFactory]: [/home/agarcia/github/funciones.de/neo4j/data/graph.db/neostore.nodestore.db] brickCount=0 brickSize=3638558b mappedMem=363855872b (storeSize=0b)
2013-12-12 19:47:18.209+0000 INFO  [o.n.k.i.n.s.StoreFactory]: /home/agarcia/github/funciones.de/neo4j/data/graph.db/neostore.nodestore.db.labels hit=0 miss=0 switches=0 ooe=0
2013-12-12 19:47:18.321+0000 INFO  [o.n.k.i.n.s.StoreFactory]: /home/agarcia/github/funciones.de/neo4j/data/graph.db/neostore.nodestore.db hit=1 miss=0 switches=0 ooe=0
2013-12-12 19:47:19.272+0000 INFO  [o.n.k.i.n.s.StoreFactory]: [/home/agarcia/github/funciones.de/neo4j/data/graph.db/neostore.relationshiptypestore.db.names] brickCount=0 brickSize=0b mappedMem=0b (storeSize=38b)
2013-12-12 19:47:19.281+0000 INFO  [o.n.k.i.n.s.StoreFactory]: [/home/agarcia/github/funciones.de/neo4j/data/graph.db/neostore.relationshiptypestore.db] brickCount=0 brickSize=0b mappedMem=0b (storeSize=0b)
2013-12-12 19:47:19.320+0000 INFO  [o.n.k.i.n.s.StoreFactory]: /home/agarcia/github/funciones.de/neo4j/data/graph.db/neostore.relationshiptypestore.db.names hit=0 miss=0 switches=0 ooe=0
2013-12-12 19:47:19.387+0000 INFO  [o.n.k.i.n.s.StoreFactory]: /home/agarcia/github/funciones.de/neo4j/data/graph.db/neostore.relationshiptypestore.db hit=0 miss=0 switches=0 ooe=0
2013-12-12 19:47:19.669+0000 INFO  [o.n.k.i.n.s.StoreFactory]: [/home/agarcia/github/funciones.de/neo4j/data/graph.db/neostore.labeltokenstore.db.names] brickCount=0 brickSize=0b mappedMem=0b (storeSize=38b)
2013-12-12 19:47:19.672+0000 INFO  [o.n.k.i.n.s.StoreFactory]: [/home/agarcia/github/funciones.de/neo4j/data/graph.db/neostore.labeltokenstore.db] brickCount=0 brickSize=0b mappedMem=0b (storeSize=0b)
2013-12-12 19:47:19.708+0000 INFO  [o.n.k.i.n.s.StoreFactory]: /home/agarcia/github/funciones.de/neo4j/data/graph.db/neostore.labeltokenstore.db.names hit=0 miss=0 switches=0 ooe=0
2013-12-12 19:47:19.775+0000 INFO  [o.n.k.i.n.s.StoreFactory]: /home/agarcia/github/funciones.de/neo4j/data/graph.db/neostore.labeltokenstore.db hit=0 miss=0 switches=0 ooe=0
2013-12-12 19:47:19.955+0000 INFO  [o.n.k.i.n.s.StoreFactory]: [/home/agarcia/github/funciones.de/neo4j/data/graph.db/neostore.relationshiptypestore.db.names] brickCount=0 brickSize=0b mappedMem=0b (storeSize=38b)
2013-12-12 19:47:19.955+0000 INFO  [o.n.k.i.n.s.StoreFactory]: [/home/agarcia/github/funciones.de/neo4j/data/graph.db/neostore.relationshiptypestore.db] brickCount=0 brickSize=0b mappedMem=0b (storeSize=0b)
2013-12-12 19:47:19.955+0000 INFO  [o.n.k.i.n.s.StoreFactory]: [/home/agarcia/github/funciones.de/neo4j/data/graph.db/neostore.labeltokenstore.db.names] brickCount=0 brickSize=0b mappedMem=0b (storeSize=38b)
2013-12-12 19:47:19.955+0000 INFO  [o.n.k.i.n.s.StoreFactory]: [/home/agarcia/github/funciones.de/neo4j/data/graph.db/neostore.labeltokenstore.db] brickCount=0 brickSize=0b mappedMem=0b (storeSize=0b)
2013-12-12 19:47:19.956+0000 INFO  [o.n.k.i.n.s.StoreFactory]: [/home/agarcia/github/funciones.de/neo4j/data/graph.db/neostore.propertystore.db.strings] brickCount=0 brickSize=1115648b mappedMem=1115684864b (storeSize=128b)
2013-12-12 19:47:19.956+0000 INFO  [o.n.k.i.n.s.StoreFactory]: [/home/agarcia/github/funciones.de/neo4j/data/graph.db/neostore.propertystore.db.index.keys] brickCount=0 brickSize=0b mappedMem=0b (storeSize=38b)
2013-12-12 19:47:19.959+0000 INFO  [o.n.k.i.n.s.StoreFactory]: [/home/agarcia/github/funciones.de/neo4j/data/graph.db/neostore.propertystore.db.index] brickCount=0 brickSize=0b mappedMem=0b (storeSize=0b)
2013-12-12 19:47:19.960+0000 INFO  [o.n.k.i.n.s.StoreFactory]: [/home/agarcia/github/funciones.de/neo4j/data/graph.db/neostore.propertystore.db.arrays] brickCount=0 brickSize=1264512b mappedMem=1264582656b (storeSize=128b)
2013-12-12 19:47:19.967+0000 INFO  [o.n.k.i.n.s.StoreFactory]: [/home/agarcia/github/funciones.de/neo4j/data/graph.db/neostore.propertystore.db] brickCount=0 brickSize=13128159b mappedMem=1312817152b (storeSize=0b)
2013-12-12 19:47:19.973+0000 INFO  [o.n.k.i.n.s.StoreFactory]: [/home/agarcia/github/funciones.de/neo4j/data/graph.db/neostore.relationshipstore.db] brickCount=0 brickSize=16085124b mappedMem=1608515584b (storeSize=0b)
2013-12-12 19:47:19.974+0000 INFO  [o.n.k.i.n.s.StoreFactory]: [/home/agarcia/github/funciones.de/neo4j/data/graph.db/neostore.nodestore.db.labels] brickCount=0 brickSize=0b mappedMem=0b (storeSize=68b)
2013-12-12 19:47:19.975+0000 INFO  [o.n.k.i.n.s.StoreFactory]: [/home/agarcia/github/funciones.de/neo4j/data/graph.db/neostore.nodestore.db] brickCount=0 brickSize=363846b mappedMem=363855872b (storeSize=14b)
2013-12-12 19:47:19.976+0000 INFO  [o.n.k.i.n.s.StoreFactory]: [/home/agarcia/github/funciones.de/neo4j/data/graph.db/neostore.schemastore.db] brickCount=0 brickSize=0b mappedMem=0b (storeSize=64b)
2013-12-12 19:47:19.978+0000 INFO  [o.n.k.i.n.s.StoreFactory]: [/home/agarcia/github/funciones.de/neo4j/data/graph.db/neostore] brickCount=0 brickSize=0b mappedMem=0b (storeSize=0b)
2013-12-12 19:47:20.030+0000 INFO  [o.n.k.i.n.s.StoreFactory]: /home/agarcia/github/funciones.de/neo4j/data/graph.db/neostore.relationshiptypestore.db.names hit=0 miss=0 switches=0 ooe=0
2013-12-12 19:47:20.120+0000 INFO  [o.n.k.i.n.s.StoreFactory]: /home/agarcia/github/funciones.de/neo4j/data/graph.db/neostore.relationshiptypestore.db hit=0 miss=0 switches=0 ooe=0
2013-12-12 19:47:20.207+0000 INFO  [o.n.k.i.n.s.StoreFactory]: /home/agarcia/github/funciones.de/neo4j/data/graph.db/neostore.labeltokenstore.db.names hit=0 miss=0 switches=0 ooe=0
2013-12-12 19:47:20.275+0000 INFO  [o.n.k.i.n.s.StoreFactory]: /home/agarcia/github/funciones.de/neo4j/data/graph.db/neostore.labeltokenstore.db hit=0 miss=0 switches=0 ooe=0
2013-12-12 19:47:20.361+0000 INFO  [o.n.k.i.n.s.StoreFactory]: /home/agarcia/github/funciones.de/neo4j/data/graph.db/neostore.propertystore.db.strings hit=0 miss=0 switches=0 ooe=0
2013-12-12 19:47:20.438+0000 INFO  [o.n.k.i.n.s.StoreFactory]: /home/agarcia/github/funciones.de/neo4j/data/graph.db/neostore.propertystore.db.index.keys hit=0 miss=0 switches=0 ooe=0
2013-12-12 19:47:20.496+0000 INFO  [o.n.k.i.n.s.StoreFactory]: /home/agarcia/github/funciones.de/neo4j/data/graph.db/neostore.propertystore.db.index hit=0 miss=0 switches=0 ooe=0
2013-12-12 19:47:20.581+0000 INFO  [o.n.k.i.n.s.StoreFactory]: /home/agarcia/github/funciones.de/neo4j/data/graph.db/neostore.propertystore.db.arrays hit=0 miss=0 switches=0 ooe=0
2013-12-12 19:47:20.640+0000 INFO  [o.n.k.i.n.s.StoreFactory]: /home/agarcia/github/funciones.de/neo4j/data/graph.db/neostore.propertystore.db hit=0 miss=0 switches=0 ooe=0
2013-12-12 19:47:20.706+0000 INFO  [o.n.k.i.n.s.StoreFactory]: /home/agarcia/github/funciones.de/neo4j/data/graph.db/neostore.relationshipstore.db hit=0 miss=0 switches=0 ooe=0
2013-12-12 19:47:20.789+0000 INFO  [o.n.k.i.n.s.StoreFactory]: /home/agarcia/github/funciones.de/neo4j/data/graph.db/neostore.nodestore.db.labels hit=0 miss=0 switches=0 ooe=0
2013-12-12 19:47:20.864+0000 INFO  [o.n.k.i.n.s.StoreFactory]: /home/agarcia/github/funciones.de/neo4j/data/graph.db/neostore.nodestore.db hit=0 miss=0 switches=0 ooe=0
2013-12-12 19:47:20.945+0000 INFO  [o.n.k.i.n.s.StoreFactory]: /home/agarcia/github/funciones.de/neo4j/data/graph.db/neostore.schemastore.db hit=0 miss=0 switches=0 ooe=0
2013-12-12 19:47:21.048+0000 INFO  [o.n.k.i.n.s.StoreFactory]: /home/agarcia/github/funciones.de/neo4j/data/graph.db/neostore hit=0 miss=8 switches=0 ooe=0
2013-12-12 19:47:21.122+0000 INFO  [o.n.k.i.n.s.StoreFactory]: [/home/agarcia/github/funciones.de/neo4j/data/graph.db/neostore.relationshiptypestore.db.names] brickCount=0 brickSize=0b mappedMem=0b (storeSize=38b)
2013-12-12 19:47:21.123+0000 INFO  [o.n.k.i.n.s.StoreFactory]: [/home/agarcia/github/funciones.de/neo4j/data/graph.db/neostore.relationshiptypestore.db] brickCount=0 brickSize=0b mappedMem=0b (storeSize=0b)
2013-12-12 19:47:21.125+0000 INFO  [o.n.k.i.n.s.StoreFactory]: [/home/agarcia/github/funciones.de/neo4j/data/graph.db/neostore.labeltokenstore.db.names] brickCount=0 brickSize=0b mappedMem=0b (storeSize=38b)
2013-12-12 19:47:21.126+0000 INFO  [o.n.k.i.n.s.StoreFactory]: [/home/agarcia/github/funciones.de/neo4j/data/graph.db/neostore.labeltokenstore.db] brickCount=0 brickSize=0b mappedMem=0b (storeSize=0b)
2013-12-12 19:47:21.127+0000 INFO  [o.n.k.i.n.s.StoreFactory]: [/home/agarcia/github/funciones.de/neo4j/data/graph.db/neostore.propertystore.db.strings] brickCount=0 brickSize=1115648b mappedMem=1115684864b (storeSize=128b)
2013-12-12 19:47:21.128+0000 INFO  [o.n.k.i.n.s.StoreFactory]: [/home/agarcia/github/funciones.de/neo4j/data/graph.db/neostore.propertystore.db.index.keys] brickCount=0 brickSize=0b mappedMem=0b (storeSize=38b)
2013-12-12 19:47:21.129+0000 INFO  [o.n.k.i.n.s.StoreFactory]: [/home/agarcia/github/funciones.de/neo4j/data/graph.db/neostore.propertystore.db.index] brickCount=0 brickSize=0b mappedMem=0b (storeSize=0b)
2013-12-12 19:47:21.130+0000 INFO  [o.n.k.i.n.s.StoreFactory]: [/home/agarcia/github/funciones.de/neo4j/data/graph.db/neostore.propertystore.db.arrays] brickCount=0 brickSize=1264512b mappedMem=1264582656b (storeSize=128b)
2013-12-12 19:47:21.131+0000 INFO  [o.n.k.i.n.s.StoreFactory]: [/home/agarcia/github/funciones.de/neo4j/data/graph.db/neostore.propertystore.db] brickCount=0 brickSize=13128159b mappedMem=1312817152b (storeSize=0b)
2013-12-12 19:47:21.132+0000 INFO  [o.n.k.i.n.s.StoreFactory]: [/home/agarcia/github/funciones.de/neo4j/data/graph.db/neostore.relationshipstore.db] brickCount=0 brickSize=16085124b mappedMem=1608515584b (storeSize=0b)
2013-12-12 19:47:21.134+0000 INFO  [o.n.k.i.n.s.StoreFactory]: [/home/agarcia/github/funciones.de/neo4j/data/graph.db/neostore.nodestore.db.labels] brickCount=0 brickSize=0b mappedMem=0b (storeSize=68b)
2013-12-12 19:47:21.135+0000 INFO  [o.n.k.i.n.s.StoreFactory]: [/home/agarcia/github/funciones.de/neo4j/data/graph.db/neostore.nodestore.db] brickCount=0 brickSize=363846b mappedMem=363855872b (storeSize=14b)
2013-12-12 19:47:21.136+0000 INFO  [o.n.k.i.n.s.StoreFactory]: [/home/agarcia/github/funciones.de/neo4j/data/graph.db/neostore.schemastore.db] brickCount=0 brickSize=0b mappedMem=0b (storeSize=64b)
2013-12-12 19:47:21.138+0000 INFO  [o.n.k.i.n.s.StoreFactory]: [/home/agarcia/github/funciones.de/neo4j/data/graph.db/neostore] brickCount=0 brickSize=0b mappedMem=0b (storeSize=63b)
2013-12-12 19:47:21.166+0000 INFO  [o.n.k.a.i.i.LuceneLabelScanStore]: No lucene scan store index found, this might just be first use. Preparing to rebuild.
2013-12-12 19:47:21.182+0000 INFO  [o.n.k.a.i.i.LuceneLabelScanStore]: No lucene scan store index found, this might just be first use. Preparing to rebuild.
2013-12-12 19:47:21.245+0000 INFO  [o.n.k.i.t.x.XaLogicalLog]: Opened logical log [data/graph.db/nioneo_logical.log.1] version=0, lastTxId=1 (clean)
2013-12-12 19:47:21.296+0000 INFO  [o.n.k.a.i.i.LuceneLabelScanStore]: Rebuilding lucene scan store, this may take a while
2013-12-12 19:47:21.302+0000 INFO  [o.n.k.a.i.i.LuceneLabelScanStore]: Lucene scan store rebuilt (roughly 0 nodes)
2013-12-12 19:47:21.303+0000 INFO  [o.n.k.i.t.TxManager]: TM new log: tm_tx_log.1
2013-12-12 19:47:21.493+0000 INFO  [o.n.k.i.t.x.XaLogicalLog]: Opened logical log [data/graph.db/index/lucene.log.1] version=0, lastTxId=1 (clean)
2013-12-12 19:47:21.555+0000 INFO  [o.n.k.i.DiagnosticsManager]: --- STARTED diagnostics for KernelDiagnostics:Versions START ---
2013-12-12 19:47:21.555+0000 INFO  [o.n.k.i.DiagnosticsManager]: Graph Database: org.neo4j.kernel.EmbeddedGraphDatabase StoreId[time:1386877637783, id:437223687449740146, store version: 13843131341501958]
2013-12-12 19:47:21.555+0000 INFO  [o.n.k.i.DiagnosticsManager]: Kernel version: Neo4j - Graph Database Kernel 2.0.0-M06
2013-12-12 19:47:21.555+0000 INFO  [o.n.k.i.DiagnosticsManager]: Neo4j component versions:
2013-12-12 19:47:21.556+0000 INFO  [o.n.k.i.DiagnosticsManager]:   Neo4j - Graph Database Kernel 2.0.0-M06
2013-12-12 19:47:21.556+0000 INFO  [o.n.k.i.DiagnosticsManager]: --- STARTED diagnostics for KernelDiagnostics:Versions END ---
2013-12-12 19:47:21.557+0000 INFO  [o.n.k.i.DiagnosticsManager]: --- STARTED diagnostics for NEO_STORE_VERSIONS START ---
2013-12-12 19:47:21.558+0000 INFO  [o.n.k.i.DiagnosticsManager]: Store versions:
2013-12-12 19:47:21.558+0000 INFO  [o.n.k.i.DiagnosticsManager]: Store versions:
2013-12-12 19:47:21.558+0000 INFO  [o.n.k.i.DiagnosticsManager]:   NeoStore v0.A.1
2013-12-12 19:47:21.558+0000 INFO  [o.n.k.i.DiagnosticsManager]:   SchemaStore v0.A.1
2013-12-12 19:47:21.558+0000 INFO  [o.n.k.i.DiagnosticsManager]:   NodeStore v0.A.1
2013-12-12 19:47:21.558+0000 INFO  [o.n.k.i.DiagnosticsManager]:   RelationshipStore v0.A.1
2013-12-12 19:47:21.558+0000 INFO  [o.n.k.i.DiagnosticsManager]:   RelationshipTypeStore v0.A.1
2013-12-12 19:47:21.558+0000 INFO  [o.n.k.i.DiagnosticsManager]:   LabelTokenStore v0.A.1
2013-12-12 19:47:21.558+0000 INFO  [o.n.k.i.DiagnosticsManager]:   PropertyStore v0.A.1
2013-12-12 19:47:21.558+0000 INFO  [o.n.k.i.DiagnosticsManager]:   PropertyIndexStore v0.A.1
2013-12-12 19:47:21.558+0000 INFO  [o.n.k.i.DiagnosticsManager]:   StringPropertyStore v0.A.1
2013-12-12 19:47:21.558+0000 INFO  [o.n.k.i.DiagnosticsManager]:   ArrayPropertyStore v0.A.1
2013-12-12 19:47:21.558+0000 INFO  [o.n.k.i.DiagnosticsManager]: --- STARTED diagnostics for NEO_STORE_VERSIONS END ---
2013-12-12 19:47:21.558+0000 INFO  [o.n.k.i.DiagnosticsManager]: --- STARTED diagnostics for NEO_STORE_ID_USAGE START ---
2013-12-12 19:47:21.558+0000 INFO  [o.n.k.i.DiagnosticsManager]: Id usage:
2013-12-12 19:47:21.558+0000 INFO  [o.n.k.i.DiagnosticsManager]: Id usage:
2013-12-12 19:47:21.558+0000 INFO  [o.n.k.i.DiagnosticsManager]:   SchemaStore: used=1 high=0
2013-12-12 19:47:21.559+0000 INFO  [o.n.k.i.DiagnosticsManager]:   NodeStore: used=1 high=0
2013-12-12 19:47:21.559+0000 INFO  [o.n.k.i.DiagnosticsManager]:   RelationshipStore: used=0 high=-1
2013-12-12 19:47:21.559+0000 INFO  [o.n.k.i.DiagnosticsManager]:   RelationshipTypeStore: used=0 high=-1
2013-12-12 19:47:21.559+0000 INFO  [o.n.k.i.DiagnosticsManager]:   LabelTokenStore: used=0 high=-1
2013-12-12 19:47:21.559+0000 INFO  [o.n.k.i.DiagnosticsManager]:   PropertyStore: used=0 high=-1
2013-12-12 19:47:21.559+0000 INFO  [o.n.k.i.DiagnosticsManager]:   PropertyIndexStore: used=0 high=-1
2013-12-12 19:47:21.559+0000 INFO  [o.n.k.i.DiagnosticsManager]:   StringPropertyStore: used=1 high=0
2013-12-12 19:47:21.559+0000 INFO  [o.n.k.i.DiagnosticsManager]:   ArrayPropertyStore: used=1 high=0
2013-12-12 19:47:21.559+0000 INFO  [o.n.k.i.DiagnosticsManager]: --- STARTED diagnostics for NEO_STORE_ID_USAGE END ---
2013-12-12 19:47:21.559+0000 INFO  [o.n.k.i.DiagnosticsManager]: --- STARTED diagnostics for PERSISTENCE_WINDOW_POOL_STATS START ---
2013-12-12 19:47:21.559+0000 INFO  [o.n.k.i.DiagnosticsManager]: --- STARTED diagnostics for PERSISTENCE_WINDOW_POOL_STATS END ---
2013-12-12 19:47:21.560+0000 INFO  [o.n.k.i.DiagnosticsManager]: --- STARTED diagnostics for KernelDiagnostics:StoreFiles START ---
2013-12-12 19:47:21.560+0000 INFO  [o.n.k.i.DiagnosticsManager]: Disk space on partition (Total / Free / Free %): 228753756160 / 185853661184 / 81
Storage files: (filename : modification date - size)
2013-12-12 19:47:21.560+0000 INFO  [o.n.k.i.DiagnosticsManager]:   neostore.propertystore.db.id: 2013-12-12T13:47:21-0600 - 9.00 B
2013-12-12 19:47:21.561+0000 INFO  [o.n.k.i.DiagnosticsManager]:   neostore.labeltokenstore.db.names.id: 2013-12-12T13:47:21-0600 - 9.00 B
2013-12-12 19:47:21.561+0000 INFO  [o.n.k.i.DiagnosticsManager]:   neostore.relationshiptypestore.db: 2013-12-12T13:47:21-0600 - 0.00 B
2013-12-12 19:47:21.561+0000 INFO  [o.n.k.i.DiagnosticsManager]:   neostore.propertystore.db.strings.id: 2013-12-12T13:47:21-0600 - 9.00 B
2013-12-12 19:47:21.561+0000 INFO  [o.n.k.i.DiagnosticsManager]:   neostore.nodestore.db: 2013-12-12T13:47:21-0600 - 355.32 kB
2013-12-12 19:47:21.562+0000 INFO  [o.n.k.i.DiagnosticsManager]:   neostore.relationshiptypestore.db.id: 2013-12-12T13:47:21-0600 - 9.00 B
2013-12-12 19:47:21.562+0000 INFO  [o.n.k.i.DiagnosticsManager]:   neostore: 2013-12-12T13:47:21-0600 - 63.00 B
2013-12-12 19:47:21.562+0000 INFO  [o.n.k.i.DiagnosticsManager]:   neostore.propertystore.db.arrays: 2013-12-12T13:47:21-0600 - 128.00 B
2013-12-12 19:47:21.562+0000 INFO  [o.n.k.i.DiagnosticsManager]:   neostore.relationshiptypestore.db.names.id: 2013-12-12T13:47:21-0600 - 9.00 B
2013-12-12 19:47:21.562+0000 INFO  [o.n.k.i.DiagnosticsManager]:   neostore.propertystore.db.index.id: 2013-12-12T13:47:21-0600 - 9.00 B
2013-12-12 19:47:21.563+0000 INFO  [o.n.k.i.DiagnosticsManager]:   neostore.labeltokenstore.db: 2013-12-12T13:47:21-0600 - 0.00 B
2013-12-12 19:47:21.563+0000 INFO  [o.n.k.i.DiagnosticsManager]:   neostore.relationshipstore.db.id: 2013-12-12T13:47:21-0600 - 9.00 B
2013-12-12 19:47:21.563+0000 INFO  [o.n.k.i.DiagnosticsManager]:   neostore.propertystore.db.index.keys: 2013-12-12T13:47:21-0600 - 38.00 B
2013-12-12 19:47:21.563+0000 INFO  [o.n.k.i.DiagnosticsManager]:   nioneo_logical.log.active: 2013-12-12T13:47:21-0600 - 4.00 B
2013-12-12 19:47:21.564+0000 INFO  [o.n.k.i.DiagnosticsManager]:   store_lock: 2013-12-12T13:47:17-0600 - 0.00 B
2013-12-12 19:47:21.564+0000 INFO  [o.n.k.i.DiagnosticsManager]:   neostore.nodestore.db.id: 2013-12-12T13:47:21-0600 - 9.00 B
2013-12-12 19:47:21.564+0000 INFO  [o.n.k.i.DiagnosticsManager]:   neostore.labeltokenstore.db.id: 2013-12-12T13:47:21-0600 - 9.00 B
2013-12-12 19:47:21.564+0000 INFO  [o.n.k.i.DiagnosticsManager]:   neostore.labeltokenstore.db.names: 2013-12-12T13:47:21-0600 - 38.00 B
2013-12-12 19:47:21.564+0000 INFO  [o.n.k.i.DiagnosticsManager]:   schema:
2013-12-12 19:47:21.564+0000 INFO  [o.n.k.i.DiagnosticsManager]:     label:
2013-12-12 19:47:21.565+0000 INFO  [o.n.k.i.DiagnosticsManager]:       lucene:
2013-12-12 19:47:21.565+0000 INFO  [o.n.k.i.DiagnosticsManager]:         write.lock: 2013-12-12T13:47:21-0600 - 0.00 B
2013-12-12 19:47:21.565+0000 INFO  [o.n.k.i.DiagnosticsManager]:       - Total: 2013-12-12T13:47:21-0600 - 0.00 B
2013-12-12 19:47:21.565+0000 INFO  [o.n.k.i.DiagnosticsManager]:     - Total: 2013-12-12T13:47:21-0600 - 0.00 B
2013-12-12 19:47:21.565+0000 INFO  [o.n.k.i.DiagnosticsManager]:   - Total: 2013-12-12T13:47:21-0600 - 0.00 B
2013-12-12 19:47:21.566+0000 INFO  [o.n.k.i.DiagnosticsManager]:   nioneo_logical.log.1: 2013-12-12T13:47:21-0600 - 16.00 B
2013-12-12 19:47:21.566+0000 INFO  [o.n.k.i.DiagnosticsManager]:   neostore.nodestore.db.labels: 2013-12-12T13:47:21-0600 - 68.00 B
2013-12-12 19:47:21.566+0000 INFO  [o.n.k.i.DiagnosticsManager]:   neostore.propertystore.db: 2013-12-12T13:47:21-0600 - 0.00 B
2013-12-12 19:47:21.566+0000 INFO  [o.n.k.i.DiagnosticsManager]:   neostore.schemastore.db: 2013-12-12T13:47:21-0600 - 64.00 B
2013-12-12 19:47:21.566+0000 INFO  [o.n.k.i.DiagnosticsManager]:   index:
2013-12-12 19:47:21.567+0000 INFO  [o.n.k.i.DiagnosticsManager]:     lucene.log.active: 2013-12-12T13:47:21-0600 - 4.00 B
2013-12-12 19:47:21.567+0000 INFO  [o.n.k.i.DiagnosticsManager]:     lucene-store.db: 2013-12-12T13:47:21-0600 - 40.00 B
2013-12-12 19:47:21.567+0000 INFO  [o.n.k.i.DiagnosticsManager]:     lucene.log.1: 2013-12-12T13:47:21-0600 - 16.00 B
2013-12-12 19:47:21.567+0000 INFO  [o.n.k.i.DiagnosticsManager]:   - Total: 2013-12-12T13:47:21-0600 - 60.00 B
2013-12-12 19:47:21.567+0000 INFO  [o.n.k.i.DiagnosticsManager]:   tm_tx_log.1: 2013-12-12T13:47:21-0600 - 0.00 B
2013-12-12 19:47:21.568+0000 INFO  [o.n.k.i.DiagnosticsManager]:   neostore.relationshipstore.db: 2013-12-12T13:47:21-0600 - 0.00 B
2013-12-12 19:47:21.568+0000 INFO  [o.n.k.i.DiagnosticsManager]:   neostore.propertystore.db.index: 2013-12-12T13:47:21-0600 - 0.00 B
2013-12-12 19:47:21.568+0000 INFO  [o.n.k.i.DiagnosticsManager]:   neostore.id: 2013-12-12T13:47:21-0600 - 9.00 B
2013-12-12 19:47:21.568+0000 INFO  [o.n.k.i.DiagnosticsManager]:   neostore.propertystore.db.index.keys.id: 2013-12-12T13:47:21-0600 - 9.00 B
2013-12-12 19:47:21.569+0000 INFO  [o.n.k.i.DiagnosticsManager]:   messages.log: 2013-12-12T13:47:21-0600 - 43.44 kB
2013-12-12 19:47:21.569+0000 INFO  [o.n.k.i.DiagnosticsManager]:   neostore.propertystore.db.arrays.id: 2013-12-12T13:47:21-0600 - 9.00 B
2013-12-12 19:47:21.569+0000 INFO  [o.n.k.i.DiagnosticsManager]:   neostore.relationshiptypestore.db.names: 2013-12-12T13:47:21-0600 - 38.00 B
2013-12-12 19:47:21.569+0000 INFO  [o.n.k.i.DiagnosticsManager]:   neostore.propertystore.db.strings: 2013-12-12T13:47:21-0600 - 128.00 B
2013-12-12 19:47:21.569+0000 INFO  [o.n.k.i.DiagnosticsManager]:   active_tx_log: 2013-12-12T13:47:21-0600 - 11.00 B
2013-12-12 19:47:21.570+0000 INFO  [o.n.k.i.DiagnosticsManager]:   neostore.schemastore.db.id: 2013-12-12T13:47:21-0600 - 9.00 B
2013-12-12 19:47:21.570+0000 INFO  [o.n.k.i.DiagnosticsManager]:   neostore.nodestore.db.labels.id: 2013-12-12T13:47:21-0600 - 9.00 B
2013-12-12 19:47:21.570+0000 INFO  [o.n.k.i.DiagnosticsManager]:   lock: 2013-12-12T13:47:21-0600 - 0.00 B
2013-12-12 19:47:21.570+0000 INFO  [o.n.k.i.DiagnosticsManager]: --- STARTED diagnostics for KernelDiagnostics:StoreFiles END ---
2013-12-12 19:47:21.594+0000 INFO  [o.n.k.EmbeddedGraphDatabase]: Started - database is now available
2013-12-12 19:47:21.594+0000 INFO  [o.n.k.EmbeddedGraphDatabase]: GC Monitor started. 
2013-12-12 19:47:21.605+0000 INFO  [o.n.k.i.DiagnosticsManager]: --- SERVER STARTED START ---
2013-12-12 19:47:22.468+0000 INFO  [o.n.k.i.DiagnosticsManager]: --- STARTED diagnostics for org.neo4j.server.configuration.Configurator START ---
2013-12-12 19:47:22.470+0000 INFO  [o.n.k.i.DiagnosticsManager]: Server configuration:
2013-12-12 19:47:22.470+0000 INFO  [o.n.k.i.DiagnosticsManager]: org.neo4j.server.database.location = data/graph.db
2013-12-12 19:47:22.470+0000 INFO  [o.n.k.i.DiagnosticsManager]: org.neo4j.server.webserver.port = 7474
2013-12-12 19:47:22.470+0000 INFO  [o.n.k.i.DiagnosticsManager]: org.neo4j.server.webserver.https.enabled = true
2013-12-12 19:47:22.470+0000 INFO  [o.n.k.i.DiagnosticsManager]: org.neo4j.server.webserver.https.port = 7473
2013-12-12 19:47:22.470+0000 INFO  [o.n.k.i.DiagnosticsManager]: org.neo4j.server.webserver.https.cert.location = conf/ssl/snakeoil.cert
2013-12-12 19:47:22.470+0000 INFO  [o.n.k.i.DiagnosticsManager]: org.neo4j.server.webserver.https.key.location = conf/ssl/snakeoil.key
2013-12-12 19:47:22.470+0000 INFO  [o.n.k.i.DiagnosticsManager]: org.neo4j.server.webserver.https.keystore.location = data/keystore
2013-12-12 19:47:22.470+0000 INFO  [o.n.k.i.DiagnosticsManager]: org.neo4j.server.webadmin.rrdb.location = data/rrd
2013-12-12 19:47:22.470+0000 INFO  [o.n.k.i.DiagnosticsManager]: org.neo4j.server.db.tuning.properties = conf/neo4j.properties
2013-12-12 19:47:22.470+0000 INFO  [o.n.k.i.DiagnosticsManager]: org.neo4j.server.manage.console_engines = [gremlin, shell]
2013-12-12 19:47:22.470+0000 INFO  [o.n.k.i.DiagnosticsManager]: org.neo4j.server.http.log.enabled = false
2013-12-12 19:47:22.470+0000 INFO  [o.n.k.i.DiagnosticsManager]: org.neo4j.server.http.log.config = conf/neo4j-http-logging.xml
2013-12-12 19:47:22.471+0000 INFO  [o.n.k.i.DiagnosticsManager]: org.neo4j.server.webadmin.management.uri = /db/manage/
2013-12-12 19:47:22.471+0000 INFO  [o.n.k.i.DiagnosticsManager]: org.neo4j.server.webadmin.data.uri = /db/data/
2013-12-12 19:47:22.471+0000 INFO  [o.n.k.i.DiagnosticsManager]: --- STARTED diagnostics for org.neo4j.server.configuration.Configurator END ---
2013-12-12 19:47:22.474+0000 INFO  [o.n.k.i.DiagnosticsManager]: Mounted discovery module (org.neo4j.server.rest.discovery) at: /
2013-12-12 19:47:22.480+0000 INFO  [o.n.k.i.DiagnosticsManager]: Mounted REST API at: /db/data/
2013-12-12 19:47:22.482+0000 INFO  [o.n.k.i.DiagnosticsManager]: Mounted management API at: /db/manage/
2013-12-12 19:47:22.608+0000 INFO  [o.n.k.i.DiagnosticsManager]: Mounted webadmin at: /webadmin
2013-12-12 19:47:22.610+0000 INFO  [o.n.k.i.DiagnosticsManager]: Mounted Neo4j Browser at: /browser
2013-12-12 19:47:23.621+0000 INFO  [o.n.k.i.DiagnosticsManager]: Server started on: http://localhost:7474/
2013-12-12 19:47:23.624+0000 INFO  [o.n.k.i.DiagnosticsManager]: --- SERVER STARTED END ---
2013-12-12 20:56:50.568+0000 INFO  [o.n.k.i.t.x.XaLogicalLog]: Rotating [data/graph.db/nioneo_logical.log.1] @ version=0 to data/graph.db/nioneo_logical.log.2 from position 26214417
2013-12-12 20:56:50.610+0000 INFO  [o.n.k.i.t.x.XaLogicalLog]: Rotate log first start entry @ pos=26214351 out of [65777=Start[65777,xid=GlobalId[NEOKERNL|-877276726600820283|155526], BranchId[ 52 49 52 49 52 49 ],master=-1,me=-1,time=2013-12-12 20:56:49.857+0000/1386881809857,lastCommittedTxWhenTransactionStarted=65776]]
2013-12-12 20:56:50.654+0000 INFO  [o.n.k.i.t.x.XaLogicalLog]: Rotate: old log scanned, newLog @ pos=82
2013-12-12 20:56:50.678+0000 INFO  [o.n.k.i.t.x.XaLogicalLog]: Log rotated, newLog @ pos=82, version 1 and last tx 65776
2013-12-12 21:21:59.208+0000 WARN  [o.n.k.EmbeddedGraphDatabase]: GC Monitor: Application threads blocked for an additional 980089ms [total block time: 980.089s]
2013-12-12 22:02:18.319+0000 WARN  [o.n.k.EmbeddedGraphDatabase]: GC Monitor: Application threads blocked for an additional 111ms [total block time: 980.2s]
2013-12-12 22:14:29.342+0000 INFO  [o.n.k.i.t.x.XaLogicalLog]: Rotating [data/graph.db/nioneo_logical.log.2] @ version=1 to data/graph.db/nioneo_logical.log.1 from position 26214659
2013-12-12 22:14:29.396+0000 INFO  [o.n.k.i.t.x.XaLogicalLog]: Rotate log first start entry @ pos=26135824 out of [102813=Start[102813,xid=GlobalId[NEOKERNL|-5344835869512974789|210912], BranchId[ 52 49 52 49 52 49 ],master=-1,me=-1,time=2013-12-12 22:14:28.847+0000/1386886468847,lastCommittedTxWhenTransactionStarted=102812]]
2013-12-12 22:14:29.461+0000 INFO  [o.n.k.i.t.x.XaLogicalLog]: Rotate: old log scanned, newLog @ pos=78851
2013-12-12 22:14:29.478+0000 INFO  [o.n.k.i.t.x.XaLogicalLog]: Log rotated, newLog @ pos=78851, version 2 and last tx 102812
2013-12-13 00:49:42.150+0000 WARN  [o.n.k.EmbeddedGraphDatabase]: GC Monitor: Application threads blocked for an additional 2620401ms [total block time: 3600.601s]
2013-12-13 03:56:52.056+0000 WARN  [o.n.k.EmbeddedGraphDatabase]: GC Monitor: Application threads blocked for an additional 2470644ms [total block time: 6071.245s]
2013-12-13 04:25:57.222+0000 INFO  [o.n.k.i.t.x.XaLogicalLog]: Rotating [data/graph.db/nioneo_logical.log.1] @ version=2 to data/graph.db/nioneo_logical.log.2 from position 26214688
2013-12-13 04:25:57.256+0000 INFO  [o.n.k.i.t.x.XaLogicalLog]: Rotate log first start entry @ pos=26214622 out of [155573=Start[155573,xid=GlobalId[NEOKERNL|1492207498879635714|345987], BranchId[ 52 49 52 49 52 49 ],master=-1,me=-1,time=2013-12-13 04:25:55.991+0000/1386908755991,lastCommittedTxWhenTransactionStarted=155572]]
2013-12-13 04:25:57.300+0000 INFO  [o.n.k.i.t.x.XaLogicalLog]: Rotate: old log scanned, newLog @ pos=82
2013-12-13 04:25:57.315+0000 INFO  [o.n.k.i.t.x.XaLogicalLog]: Log rotated, newLog @ pos=82, version 3 and last tx 155572
2013-12-13 05:38:06.191+0000 INFO  [o.n.k.i.t.x.XaLogicalLog]: Rotating [data/graph.db/nioneo_logical.log.2] @ version=3 to data/graph.db/nioneo_logical.log.1 from position 26214459
2013-12-13 05:38:06.236+0000 INFO  [o.n.k.i.t.x.XaLogicalLog]: Rotate log first start entry @ pos=26214230 out of [221032=Start[221032,xid=GlobalId[NEOKERNL|-9213072876098390412|537725], BranchId[ 52 49 52 49 52 49 ],master=-1,me=-1,time=2013-12-13 05:38:05.571+0000/1386913085571,lastCommittedTxWhenTransactionStarted=221031]]
2013-12-13 05:38:06.291+0000 INFO  [o.n.k.i.t.x.XaLogicalLog]: Rotate: old log scanned, newLog @ pos=245
2013-12-13 05:38:06.313+0000 INFO  [o.n.k.i.t.x.XaLogicalLog]: Log rotated, newLog @ pos=245, version 4 and last tx 221031
2013-12-13 15:35:38.053+0000 WARN  [o.n.k.EmbeddedGraphDatabase]: GC Monitor: Application threads blocked for an additional 902017ms [total block time: 6973.262s]
